#
# A fatal error has been detected by the Java Runtime Environment:
#
#  EXCEPTION_ACCESS_VIOLATION (0xc0000005) at pc=0x00007ffd9385e0a9, pid=10152, tid=4496
#
# JRE version: OpenJDK Runtime Environment Microsoft-8035246 (17.0.8+7) (build 17.0.8+7-LTS)
# Java VM: OpenJDK 64-Bit Server VM Microsoft-8035246 (17.0.8+7-LTS, mixed mode, sharing, tiered, compressed oops, compressed class ptrs, g1 gc, windows-amd64)
# Problematic frame:
# V  [jvm.dll+0x2be0a9]
#
# No core dump will be written. Minidumps are not enabled by default on client versions of Windows
#
# If you would like to submit a bug report, please visit:
#   https://github.com/microsoft/openjdk/issues
#

---------------  S U M M A R Y ------------

Command Line: -XX:MaxMetaspaceSize=512m --add-opens=java.base/java.util=ALL-UNNAMED --add-opens=java.base/java.lang=ALL-UNNAMED --add-opens=java.base/java.lang.invoke=ALL-UNNAMED --add-opens=java.prefs/java.util.prefs=ALL-UNNAMED --add-opens=java.base/java.nio.charset=ALL-UNNAMED --add-opens=java.base/java.net=ALL-UNNAMED --add-opens=java.base/java.util.concurrent.atomic=ALL-UNNAMED -Xmx2048m -Dfile.encoding=windows-1250 -Duser.country=PL -Duser.language=pl -Duser.variant -javaagent:C:\Users\chabo\.gradle\wrapper\dists\gradle-8.3-all\6en3ugtfdg5xnpx44z4qbwgas\gradle-8.3\lib\agents\gradle-instrumentation-agent-8.3.jar org.gradle.launcher.daemon.bootstrap.GradleDaemon 8.3

Host: Intel(R) Core(TM) i5-6400 CPU @ 2.70GHz, 4 cores, 7G,  Windows 10 , 64 bit Build 19041 (10.0.19041.3636)
Time: Wed Jan 17 02:47:16 2024  Windows 10 , 64 bit Build 19041 (10.0.19041.3636) elapsed time: 36.777944 seconds (0d 0h 0m 36s)

---------------  T H R E A D  ---------------

Current thread (0x00000268472aa5b0):  JavaThread "C2 CompilerThread0" daemon [_thread_in_native, id=4496, stack(0x000000edd5c00000,0x000000edd5d00000)]


Current CompileTask:
C2:  36778 15563   !   4       org.gradle.cache.internal.DefaultMultiProcessSafeIndexedCache::getIfPresent (25 bytes)

Stack: [0x000000edd5c00000,0x000000edd5d00000],  sp=0x000000edd5cfb8b0,  free space=1006k
Native frames: (J=compiled Java code, j=interpreted, Vv=VM code, C=native code)
V  [jvm.dll+0x2be0a9]
V  [jvm.dll+0x21ba8b]
V  [jvm.dll+0x21944b]
V  [jvm.dll+0x1a56b6]
V  [jvm.dll+0x2291ea]
V  [jvm.dll+0x22724c]
V  [jvm.dll+0x7efd0c]
V  [jvm.dll+0x7ea13a]
V  [jvm.dll+0x67ad85]
C  [ucrtbase.dll+0x21bb2]
C  [KERNEL32.DLL+0x17344]
C  [ntdll.dll+0x526b1]


siginfo: EXCEPTION_ACCESS_VIOLATION (0xc0000005), reading address 0x0000000000000028


Register to memory mapping:

RIP=0x00007ffd9385e0a9 jvm.dll
RAX=0x000002686a2e4740 points into unknown readable memory: 0x0000000000000000 | 00 00 00 00 00 00 00 00
RBX=0x0000000000001cae is an unknown value
RCX=0x0 is NULL
RDX=0x0 is NULL
RSP=0x000000edd5cfb8b0 is pointing into the stack for thread: 0x00000268472aa5b0
RBP=0x000000edd5cfb920 is pointing into the stack for thread: 0x00000268472aa5b0
RSI=0x0 is NULL
RDI=0x0000000000000065 is an unknown value
R8 =0x000000000000ffe0 is an unknown value
R9 =0x0 is NULL
R10=0x00007ffdc40b0000 VCRUNTIME140.dll
R11=0x000002686a2e4760 points into unknown readable memory: 0x0000000000000000 | 00 00 00 00 00 00 00 00
R12=0x0000000000000050 is an unknown value
R13=0x0 is NULL
R14=0x0 is NULL
R15=0x000000edd5cfead0 is pointing into the stack for thread: 0x00000268472aa5b0


Registers:
RAX=0x000002686a2e4740, RBX=0x0000000000001cae, RCX=0x0000000000000000, RDX=0x0000000000000000
RSP=0x000000edd5cfb8b0, RBP=0x000000edd5cfb920, RSI=0x0000000000000000, RDI=0x0000000000000065
R8 =0x000000000000ffe0, R9 =0x0000000000000000, R10=0x00007ffdc40b0000, R11=0x000002686a2e4760
R12=0x0000000000000050, R13=0x0000000000000000, R14=0x0000000000000000, R15=0x000000edd5cfead0
RIP=0x00007ffd9385e0a9, EFLAGS=0x0000000000010202

Top of Stack: (sp=0x000000edd5cfb8b0)
0x000000edd5cfb8b0:   0000000000001cae 0000000000000000
0x000000edd5cfb8c0:   000000edd5cfead0 00007ffd937c38d1
0x000000edd5cfb8d0:   00000268472a14d0 00007ffd00002000
0x000000edd5cfb8e0:   000002686a2e4740 000000ed00000000
0x000000edd5cfb8f0:   0000000000000002 00000268714abd30
0x000000edd5cfb900:   0000000000000002 00000268472a14d0
0x000000edd5cfb910:   0000000000000000 0000000000000000
0x000000edd5cfb920:   00000268297573b0 00000268296fd320
0x000000edd5cfb930:   0000000000000065 00007ffd93ee4c08
0x000000edd5cfb940:   000000edd5cfba50 00007ffd937bba8b
0x000000edd5cfb950:   000000edd5cfead0 00007ffd93ee4c08
0x000000edd5cfb960:   000000edd5cfead0 000000edd5cfba50
0x000000edd5cfb970:   0000026800000000 00007ffd93bbb7fb
0x000000edd5cfb980:   000000ed0000000f 000000edd5cfead0
0x000000edd5cfb990:   000000edd5cfbb00 0000000000000000
0x000000edd5cfb9a0:   0000026800000100 00007ffd93ee4c08 

Instructions: (pc=0x00007ffd9385e0a9)
0x00007ffd9385dfa9:   3b d0 75 0b ff c1 41 3b c9 7c dc 48 8b c2 c3 33
0x00007ffd9385dfb9:   c0 c3 cc cc cc cc cc 48 89 5c 24 18 55 56 57 41
0x00007ffd9385dfc9:   55 41 57 48 8b ec 48 83 ec 70 65 48 8b 04 25 58
0x00007ffd9385dfd9:   00 00 00 48 8b f2 44 8b 05 d2 8b 90 00 4c 8b f9
0x00007ffd9385dfe9:   4a 8b 1c c0 b8 50 00 00 00 80 3c 18 00 75 05 e8
0x00007ffd9385dff9:   8b 6f 5d 00 b8 20 00 00 00 48 8b 04 18 48 8b 98
0x00007ffd9385e009:   38 02 00 00 48 89 5d b0 c7 45 b8 04 00 00 00 48
0x00007ffd9385e019:   8b 43 18 48 83 f8 df 76 18 4c 8d 05 37 a9 65 00
0x00007ffd9385e029:   ba 20 00 00 00 48 8b cb e8 5a eb de ff 48 8b 43
0x00007ffd9385e039:   18 48 8d 48 20 48 3b 4b 20 76 11 45 33 c0 48 8b
0x00007ffd9385e049:   cb 41 8d 50 20 e8 fd e8 de ff eb 04 48 89 4b 18
0x00007ffd9385e059:   44 8b 45 b8 33 d2 49 c1 e0 03 48 8b c8 48 89 45
0x00007ffd9385e069:   c0 e8 e3 80 5d 00 45 33 ed 48 8d 4d d0 44 89 6d
0x00007ffd9385e079:   c8 e8 01 59 56 00 41 8b 9f 40 02 00 00 41 2b 9f
0x00007ffd9385e089:   68 02 00 00 44 89 6d f0 3b 5d b8 72 0b 8b d3 48
0x00007ffd9385e099:   8d 4d b0 e8 6f b3 39 00 48 8b 45 c0 4c 89 2c d8
0x00007ffd9385e0a9:   8b 7e 28 8b df c1 eb 05 3b 5d d0 72 0b 8b d3 48
0x00007ffd9385e0b9:   8d 4d d0 e8 1f 59 56 00 48 8b 45 d8 83 e7 1f 48
0x00007ffd9385e0c9:   8d 14 98 40 0f b6 cf 41 b8 01 00 00 00 41 d3 e0
0x00007ffd9385e0d9:   8b 0a 8b c1 41 0b c0 89 02 41 85 c8 75 21 8b 5d
0x00007ffd9385e0e9:   c8 8d 43 01 89 45 c8 3b 5d b8 72 0b 8b d3 48 8d
0x00007ffd9385e0f9:   4d b0 e8 10 b3 39 00 48 8b 45 c0 48 89 34 d8 44
0x00007ffd9385e109:   39 6d c8 0f 86 77 01 00 00 4c 89 a4 24 a0 00 00
0x00007ffd9385e119:   00 4c 89 b4 24 a8 00 00 00 48 8b 45 c0 41 8b cd
0x00007ffd9385e129:   48 8b 34 c8 8b 46 2c 25 ff 1f 00 00 3d 04 10 00
0x00007ffd9385e139:   00 0f 85 a7 00 00 00 bb 01 00 00 00 39 5e 18 76
0x00007ffd9385e149:   39 66 0f 1f 44 00 00 48 8b 46 08 8b cb 48 8b 14
0x00007ffd9385e159:   c8 48 85 d2 74 1d 48 83 7a 10 00 74 16 80 7a 2c
0x00007ffd9385e169:   84 74 10 e8 7f 7e ee ff 48 8b d0 49 8b cf e8 a4
0x00007ffd9385e179:   61 f6 ff ff c3 3b 5e 18 72 cd 48 8b 5e 10 8b 46
0x00007ffd9385e189:   20 4c 8d 34 c3 49 3b de 73 54 48 8b 3b 8b 47 2c
0x00007ffd9385e199:   83 e0 03 3c 03 75 2e 48 8b 07 48 8b cf ff 90 88 


Stack slot to memory mapping:
stack at sp + 0 slots: 0x0000000000001cae is an unknown value
stack at sp + 1 slots: 0x0 is NULL
stack at sp + 2 slots: 0x000000edd5cfead0 is pointing into the stack for thread: 0x00000268472aa5b0
stack at sp + 3 slots: 0x00007ffd937c38d1 jvm.dll
stack at sp + 4 slots: 0x00000268472a14d0 points into unknown readable memory: 0x0000000000000006 | 06 00 00 00 00 00 00 00
stack at sp + 5 slots: 0x00007ffd00002000 is an unknown value
stack at sp + 6 slots: 0x000002686a2e4740 points into unknown readable memory: 0x0000000000000000 | 00 00 00 00 00 00 00 00
stack at sp + 7 slots: 0x000000ed00000000 is an unknown value


---------------  P R O C E S S  ---------------

Threads class SMR info:
_java_thread_list=0x00000268731d8b40, length=95, elements={
0x00000268296e6040, 0x000002684728ead0, 0x000002684728f860, 0x00000268472a43a0,
0x00000268472a7750, 0x00000268472a9030, 0x00000268472a9900, 0x00000268472aa5b0,
0x00000268472ab180, 0x0000026847438050, 0x00000268474c3fa0, 0x0000026847572c50,
0x0000026868932440, 0x0000026868211860, 0x00000268677cdd70, 0x0000026867d80a90,
0x0000026867cc11a0, 0x000002686915c890, 0x000002686915d7c0, 0x000002686915d2b0,
0x000002686915dcd0, 0x000002686915a520, 0x000002686915b450, 0x000002686915aa30,
0x000002686915af40, 0x0000026869b120b0, 0x0000026869b10250, 0x0000026869b0caa0,
0x0000026869b0ee10, 0x0000026869b0f320, 0x0000026869b11180, 0x0000026869b10c70,
0x0000026869b0e900, 0x0000026869b10760, 0x0000026869b0dee0, 0x0000026869b11690,
0x0000026869b11ba0, 0x0000026869b0e3f0, 0x0000026869b12ad0, 0x0000026869b0bb70,
0x0000026869b134f0, 0x00000268683e85a0, 0x00000268683ecc80, 0x00000268683e7160,
0x00000268683eb330, 0x00000268683e8ab0, 0x00000268683e94d0, 0x00000268683eb840,
0x00000268683ed190, 0x00000268683ebd50, 0x00000268683edbb0, 0x00000268683eae20,
0x00000268683e7670, 0x00000268683ee0c0, 0x00000268683e8fc0, 0x00000268683ec260,
0x00000268683e99e0, 0x00000268683ee5d0, 0x00000268683ec770, 0x000002686a54ffd0,
0x000002686a54d240, 0x000002686a5504e0, 0x000002686a54dc60, 0x000002686a54d750,
0x000002686a54c310, 0x000002686a551410, 0x000002686a551920, 0x000002686a551e30,
0x000002686a54f5b0, 0x000002686a54b3e0, 0x000002686a552d60, 0x000002686a54b8f0,
0x000002687117c290, 0x0000026869b0c590, 0x0000026869b0cfb0, 0x000002686c6fbad0,
0x000002686c6f73f0, 0x000002686c6fb5c0, 0x000002686c6f9250, 0x000002686c6f8830,
0x000002686c6f9c70, 0x000002686c6fa180, 0x000002686c6fc4f0, 0x000002686c6fa690,
0x000002686c6fbfe0, 0x000002686c6faba0, 0x000002686c6fcf10, 0x000002686c6fd420,
0x000002686c6f5fb0, 0x000002686c6f8320, 0x000002686c6fd930, 0x000002686c6f7e10,
0x000002686915b960, 0x0000026869b0f830, 0x0000026872837bc0
}

Java Threads: ( => current thread )
  0x00000268296e6040 JavaThread "main" [_thread_blocked, id=14408, stack(0x000000edd4f00000,0x000000edd5000000)]
  0x000002684728ead0 JavaThread "Reference Handler" daemon [_thread_blocked, id=13620, stack(0x000000edd5600000,0x000000edd5700000)]
  0x000002684728f860 JavaThread "Finalizer" daemon [_thread_blocked, id=15728, stack(0x000000edd5700000,0x000000edd5800000)]
  0x00000268472a43a0 JavaThread "Signal Dispatcher" daemon [_thread_blocked, id=15712, stack(0x000000edd5800000,0x000000edd5900000)]
  0x00000268472a7750 JavaThread "Attach Listener" daemon [_thread_blocked, id=14592, stack(0x000000edd5900000,0x000000edd5a00000)]
  0x00000268472a9030 JavaThread "Service Thread" daemon [_thread_blocked, id=15692, stack(0x000000edd5a00000,0x000000edd5b00000)]
  0x00000268472a9900 JavaThread "Monitor Deflation Thread" daemon [_thread_blocked, id=14988, stack(0x000000edd5b00000,0x000000edd5c00000)]
=>0x00000268472aa5b0 JavaThread "C2 CompilerThread0" daemon [_thread_in_native, id=4496, stack(0x000000edd5c00000,0x000000edd5d00000)]
  0x00000268472ab180 JavaThread "C1 CompilerThread0" daemon [_thread_blocked, id=12916, stack(0x000000edd5d00000,0x000000edd5e00000)]
  0x0000026847438050 JavaThread "Sweeper thread" daemon [_thread_blocked, id=13612, stack(0x000000edd5e00000,0x000000edd5f00000)]
  0x00000268474c3fa0 JavaThread "Common-Cleaner" daemon [_thread_blocked, id=13344, stack(0x000000edd5f00000,0x000000edd6000000)]
  0x0000026847572c50 JavaThread "Notification Thread" daemon [_thread_blocked, id=15612, stack(0x000000edd6000000,0x000000edd6100000)]
  0x0000026868932440 JavaThread "Daemon health stats" [_thread_blocked, id=14752, stack(0x000000edd6600000,0x000000edd6700000)]
  0x0000026868211860 JavaThread "Incoming local TCP Connector on port 52418" [_thread_in_native, id=15060, stack(0x000000edd6700000,0x000000edd6800000)]
  0x00000268677cdd70 JavaThread "Daemon periodic checks" [_thread_blocked, id=15236, stack(0x000000edd6800000,0x000000edd6900000)]
  0x0000026867d80a90 JavaThread "Daemon" [_thread_blocked, id=13400, stack(0x000000edd6900000,0x000000edd6a00000)]
  0x0000026867cc11a0 JavaThread "Handler for socket connection from /127.0.0.1:52418 to /127.0.0.1:52419" [_thread_in_native, id=13544, stack(0x000000edd6a00000,0x000000edd6b00000)]
  0x000002686915c890 JavaThread "Cancel handler" [_thread_blocked, id=13328, stack(0x000000edd6b00000,0x000000edd6c00000)]
  0x000002686915d7c0 JavaThread "Daemon worker" [_thread_blocked, id=13420, stack(0x000000edd6c00000,0x000000edd6d00000)]
  0x000002686915d2b0 JavaThread "Asynchronous log dispatcher for DefaultDaemonConnection: socket connection from /127.0.0.1:52418 to /127.0.0.1:52419" [_thread_blocked, id=14032, stack(0x000000edd6d00000,0x000000edd6e00000)]
  0x000002686915dcd0 JavaThread "Stdin handler" [_thread_blocked, id=8900, stack(0x000000edd6e00000,0x000000edd6f00000)]
  0x000002686915a520 JavaThread "Daemon client event forwarder" [_thread_blocked, id=1504, stack(0x000000edd6f00000,0x000000edd7000000)]
  0x000002686915b450 JavaThread "Cache worker for journal cache (C:\Users\chabo\.gradle\caches\journal-1)" [_thread_blocked, id=3584, stack(0x000000edd7000000,0x000000edd7100000)]
  0x000002686915aa30 JavaThread "File lock request listener" [_thread_in_native, id=1200, stack(0x000000edd7100000,0x000000edd7200000)]
  0x000002686915af40 JavaThread "Cache worker for file hash cache (C:\Users\chabo\.gradle\caches\8.3\fileHashes)" [_thread_blocked, id=15288, stack(0x000000edd7200000,0x000000edd7300000)]
  0x0000026869b120b0 JavaThread "File watcher server" daemon [_thread_in_native, id=10560, stack(0x000000edd7300000,0x000000edd7400000)]
  0x0000026869b10250 JavaThread "File watcher consumer" daemon [_thread_blocked, id=12240, stack(0x000000edd7400000,0x000000edd7500000)]
  0x0000026869b0caa0 JavaThread "Cache worker for checksums cache (D:\3Studia\pamiw\pamiw_zad7\android\.gradle\8.3\checksums)" [_thread_blocked, id=13788, stack(0x000000edd7500000,0x000000edd7600000)]
  0x0000026869b0ee10 JavaThread "Cache worker for file hash cache (D:\3Studia\pamiw\pamiw_zad7\android\.gradle\8.3\fileHashes)" [_thread_blocked, id=15808, stack(0x000000edd7600000,0x000000edd7700000)]
  0x0000026869b0f320 JavaThread "Cache worker for cache directory md-supplier (C:\Users\chabo\.gradle\caches\8.3\md-supplier)" [_thread_blocked, id=2916, stack(0x000000edd7700000,0x000000edd7800000)]
  0x0000026869b11180 JavaThread "Cache worker for file content cache (C:\Users\chabo\.gradle\caches\8.3\fileContent)" [_thread_blocked, id=16268, stack(0x000000edd7800000,0x000000edd7900000)]
  0x0000026869b10c70 JavaThread "Cache worker for cache directory md-rule (C:\Users\chabo\.gradle\caches\8.3\md-rule)" [_thread_blocked, id=4560, stack(0x000000edd7a00000,0x000000edd7b00000)]
  0x0000026869b0e900 JavaThread "Cache worker for execution history cache (C:\Users\chabo\.gradle\caches\8.3\executionHistory)" [_thread_blocked, id=15372, stack(0x000000edd7b00000,0x000000edd7c00000)]
  0x0000026869b10760 JavaThread "jar transforms" [_thread_blocked, id=16272, stack(0x000000edd7c00000,0x000000edd7d00000)]
  0x0000026869b0dee0 JavaThread "jar transforms Thread 2" [_thread_blocked, id=3684, stack(0x000000edd7d00000,0x000000edd7e00000)]
  0x0000026869b11690 JavaThread "jar transforms Thread 3" [_thread_blocked, id=7316, stack(0x000000edd7e00000,0x000000edd7f00000)]
  0x0000026869b11ba0 JavaThread "jar transforms Thread 4" [_thread_blocked, id=14764, stack(0x000000edd7f00000,0x000000edd8000000)]
  0x0000026869b0e3f0 JavaThread "Cache worker for kotlin-dsl (C:\Users\chabo\.gradle\caches\8.3\kotlin-dsl)" [_thread_blocked, id=12348, stack(0x000000edd8000000,0x000000edd8100000)]
  0x0000026869b12ad0 JavaThread "Unconstrained build operations" [_thread_blocked, id=5080, stack(0x000000edd8100000,0x000000edd8200000)]
  0x0000026869b0bb70 JavaThread "Unconstrained build operations Thread 2" [_thread_blocked, id=9464, stack(0x000000edd8200000,0x000000edd8300000)]
  0x0000026869b134f0 JavaThread "Cache worker for dependencies-accessors (D:\3Studia\pamiw\pamiw_zad7\android\.gradle\8.3\dependencies-accessors)" [_thread_blocked, id=14452, stack(0x000000edd8300000,0x000000edd8400000)]
  0x00000268683e85a0 JavaThread "Cache worker for Build Output Cleanup Cache (D:\3Studia\pamiw\pamiw_zad7\node_modules\@react-native\gradle-plugin\.gradle\buildOutputCleanup)" [_thread_blocked, id=9912, stack(0x000000edd8500000,0x000000edd8600000)]
  0x00000268683ecc80 JavaThread "Unconstrained build operations Thread 3" [_thread_blocked, id=9696, stack(0x000000edd8600000,0x000000edd8700000)]
  0x00000268683e7160 JavaThread "Unconstrained build operations Thread 4" [_thread_in_native, id=9648, stack(0x000000edd8700000,0x000000edd8800000)]
  0x00000268683eb330 JavaThread "Unconstrained build operations Thread 5" [_thread_blocked, id=13724, stack(0x000000edd8800000,0x000000edd8900000)]
  0x00000268683e8ab0 JavaThread "Memory manager" [_thread_blocked, id=15924, stack(0x000000edd8900000,0x000000edd8a00000)]
  0x00000268683e94d0 JavaThread "Cache worker for Build Output Cleanup Cache (D:\3Studia\pamiw\pamiw_zad7\android\.gradle\buildOutputCleanup)" [_thread_blocked, id=14176, stack(0x000000edd8a00000,0x000000edd8b00000)]
  0x00000268683eb840 JavaThread "ForkJoinPool.commonPool-worker-1" daemon [_thread_blocked, id=8568, stack(0x000000edd8b00000,0x000000edd8c00000)]
  0x00000268683ed190 JavaThread "ForkJoinPool.commonPool-worker-2" daemon [_thread_blocked, id=11972, stack(0x000000edd8c00000,0x000000edd8d00000)]
  0x00000268683ebd50 JavaThread "ForkJoinPool.commonPool-worker-3" daemon [_thread_blocked, id=11296, stack(0x000000edd8d00000,0x000000edd8e00000)]
  0x00000268683edbb0 JavaThread "Exec process" [_thread_blocked, id=16208, stack(0x000000edd8e00000,0x000000edd8f00000)]
  0x00000268683eae20 JavaThread "Exec process Thread 2" [_thread_blocked, id=15152, stack(0x000000edd8f00000,0x000000edd9000000)]
  0x00000268683e7670 JavaThread "Exec process Thread 3" [_thread_blocked, id=2676, stack(0x000000edd9000000,0x000000edd9100000)]
  0x00000268683ee0c0 JavaThread "included builds" [_thread_blocked, id=14560, stack(0x000000edd9100000,0x000000edd9200000)]
  0x00000268683e8fc0 JavaThread "Execution worker" [_thread_blocked, id=14860, stack(0x000000edd9200000,0x000000edd9300000)]
  0x00000268683ec260 JavaThread "Execution worker Thread 2" [_thread_blocked, id=9200, stack(0x000000edd9300000,0x000000edd9400000)]
  0x00000268683e99e0 JavaThread "Execution worker Thread 3" [_thread_blocked, id=15744, stack(0x000000edd9400000,0x000000edd9500000)]
  0x00000268683ee5d0 JavaThread "Cache worker for execution history cache (D:\3Studia\pamiw\pamiw_zad7\node_modules\@react-native\gradle-plugin\.gradle\8.3\executionHistory)" [_thread_blocked, id=2856, stack(0x000000edd9500000,0x000000edd9600000)]
  0x00000268683ec770 JavaThread "Unconstrained build operations Thread 6" [_thread_blocked, id=15704, stack(0x000000edd9600000,0x000000edd9700000)]
  0x000002686a54ffd0 JavaThread "Unconstrained build operations Thread 7" [_thread_blocked, id=4492, stack(0x000000edd9700000,0x000000edd9800000)]
  0x000002686a54d240 JavaThread "Unconstrained build operations Thread 8" [_thread_blocked, id=3312, stack(0x000000edd9800000,0x000000edd9900000)]
  0x000002686a5504e0 JavaThread "Unconstrained build operations Thread 9" [_thread_blocked, id=15668, stack(0x000000edd9900000,0x000000edd9a00000)]
  0x000002686a54dc60 JavaThread "Unconstrained build operations Thread 10" [_thread_blocked, id=15684, stack(0x000000edd9a00000,0x000000edd9b00000)]
  0x000002686a54d750 JavaThread "Unconstrained build operations Thread 11" [_thread_blocked, id=13340, stack(0x000000edd9b00000,0x000000edd9c00000)]
  0x000002686a54c310 JavaThread "Unconstrained build operations Thread 12" [_thread_blocked, id=13932, stack(0x000000edd9c00000,0x000000edd9d00000)]
  0x000002686a551410 JavaThread "Unconstrained build operations Thread 13" [_thread_blocked, id=15904, stack(0x000000edd9d00000,0x000000edd9e00000)]
  0x000002686a551920 JavaThread "Unconstrained build operations Thread 14" [_thread_blocked, id=15640, stack(0x000000edd6200000,0x000000edd6300000)]
  0x000002686a551e30 JavaThread "Unconstrained build operations Thread 15" [_thread_blocked, id=15652, stack(0x000000edd9e00000,0x000000edd9f00000)]
  0x000002686a54f5b0 JavaThread "Unconstrained build operations Thread 16" [_thread_blocked, id=15636, stack(0x000000edd9f00000,0x000000edda000000)]
  0x000002686a54b3e0 JavaThread "Unconstrained build operations Thread 17" [_thread_blocked, id=14240, stack(0x000000edda000000,0x000000edda100000)]
  0x000002686a552d60 JavaThread "Unconstrained build operations Thread 18" [_thread_blocked, id=15648, stack(0x000000edda100000,0x000000edda200000)]
  0x000002686a54b8f0 JavaThread "Unconstrained build operations Thread 19" [_thread_blocked, id=15632, stack(0x000000edda200000,0x000000edda300000)]
  0x000002687117c290 JavaThread "C2 CompilerThread1" daemon [_thread_in_native, id=14968, stack(0x000000edd4d00000,0x000000edd4e00000)]
  0x0000026869b0c590 JavaThread "Unconstrained build operations Thread 20" [_thread_blocked, id=13772, stack(0x000000edda500000,0x000000edda600000)]
  0x0000026869b0cfb0 JavaThread "Unconstrained build operations Thread 21" [_thread_blocked, id=15212, stack(0x000000edda600000,0x000000edda700000)]
  0x000002686c6fbad0 JavaThread "Unconstrained build operations Thread 22" [_thread_blocked, id=16380, stack(0x000000edda700000,0x000000edda800000)]
  0x000002686c6f73f0 JavaThread "Unconstrained build operations Thread 23" [_thread_blocked, id=12700, stack(0x000000edda800000,0x000000edda900000)]
  0x000002686c6fb5c0 JavaThread "Unconstrained build operations Thread 24" [_thread_blocked, id=14664, stack(0x000000edda900000,0x000000eddaa00000)]
  0x000002686c6f9250 JavaThread "Unconstrained build operations Thread 25" [_thread_blocked, id=14052, stack(0x000000eddaa00000,0x000000eddab00000)]
  0x000002686c6f8830 JavaThread "Unconstrained build operations Thread 26" [_thread_blocked, id=6484, stack(0x000000eddab00000,0x000000eddac00000)]
  0x000002686c6f9c70 JavaThread "Unconstrained build operations Thread 27" [_thread_blocked, id=15528, stack(0x000000eddac00000,0x000000eddad00000)]
  0x000002686c6fa180 JavaThread "Unconstrained build operations Thread 28" [_thread_blocked, id=2516, stack(0x000000eddad00000,0x000000eddae00000)]
  0x000002686c6fc4f0 JavaThread "Unconstrained build operations Thread 29" [_thread_blocked, id=9280, stack(0x000000eddae00000,0x000000eddaf00000)]
  0x000002686c6fa690 JavaThread "Unconstrained build operations Thread 30" [_thread_blocked, id=9756, stack(0x000000eddaf00000,0x000000eddb000000)]
  0x000002686c6fbfe0 JavaThread "Unconstrained build operations Thread 31" [_thread_blocked, id=16212, stack(0x000000eddb000000,0x000000eddb100000)]
  0x000002686c6faba0 JavaThread "Unconstrained build operations Thread 32" [_thread_blocked, id=16236, stack(0x000000eddb100000,0x000000eddb200000)]
  0x000002686c6fcf10 JavaThread "Unconstrained build operations Thread 33" [_thread_blocked, id=14844, stack(0x000000eddb200000,0x000000eddb300000)]
  0x000002686c6fd420 JavaThread "Unconstrained build operations Thread 34" [_thread_blocked, id=6976, stack(0x000000eddb300000,0x000000eddb400000)]
  0x000002686c6f5fb0 JavaThread "Unconstrained build operations Thread 35" [_thread_blocked, id=15136, stack(0x000000eddb400000,0x000000eddb500000)]
  0x000002686c6f8320 JavaThread "Unconstrained build operations Thread 36" [_thread_blocked, id=15328, stack(0x000000eddb500000,0x000000eddb600000)]
  0x000002686c6fd930 JavaThread "Unconstrained build operations Thread 37" [_thread_blocked, id=16056, stack(0x000000eddb600000,0x000000eddb700000)]
  0x000002686c6f7e10 JavaThread "Unconstrained build operations Thread 38" [_thread_blocked, id=15160, stack(0x000000eddb700000,0x000000eddb800000)]
  0x000002686915b960 JavaThread "Unconstrained build operations Thread 39" [_thread_blocked, id=13848, stack(0x000000eddb800000,0x000000eddb900000)]
  0x0000026869b0f830 JavaThread "Unconstrained build operations Thread 40" [_thread_blocked, id=3488, stack(0x000000eddb900000,0x000000eddba00000)]
  0x0000026872837bc0 JavaThread "Cache worker for execution history cache (D:\3Studia\pamiw\pamiw_zad7\android\.gradle\8.3\executionHistory)" [_thread_blocked, id=15792, stack(0x000000eddba00000,0x000000eddbb00000)]

Other Threads:
  0x0000026847287d80 VMThread "VM Thread" [stack: 0x000000edd5500000,0x000000edd5600000] [id=14796]
  0x00000268297668c0 WatcherThread [stack: 0x000000edd6100000,0x000000edd6200000] [id=14780]
  0x00000268297432b0 GCTaskThread "GC Thread#0" [stack: 0x000000edd5000000,0x000000edd5100000] [id=13616]
  0x000002684774b230 GCTaskThread "GC Thread#1" [stack: 0x000000edd6300000,0x000000edd6400000] [id=10668]
  0x000002684774b4f0 GCTaskThread "GC Thread#2" [stack: 0x000000edd6400000,0x000000edd6500000] [id=908]
  0x0000026867961020 GCTaskThread "GC Thread#3" [stack: 0x000000edd6500000,0x000000edd6600000] [id=6552]
  0x00000268297548b0 ConcurrentGCThread "G1 Main Marker" [stack: 0x000000edd5100000,0x000000edd5200000] [id=12400]
  0x00000268297551d0 ConcurrentGCThread "G1 Conc#0" [stack: 0x000000edd5200000,0x000000edd5300000] [id=9220]
  0x00000268471420c0 ConcurrentGCThread "G1 Refine#0" [stack: 0x000000edd5300000,0x000000edd5400000] [id=13476]
  0x0000026868d98370 ConcurrentGCThread "G1 Refine#1" [stack: 0x000000edd7900000,0x000000edd7a00000] [id=5864]
  0x000002686ac69950 ConcurrentGCThread "G1 Refine#2" [stack: 0x000000edd8400000,0x000000edd8500000] [id=14208]
  0x0000026847142a00 ConcurrentGCThread "G1 Service" [stack: 0x000000edd5400000,0x000000edd5500000] [id=14784]

Threads with active compile tasks:
C2 CompilerThread0    36894 15563   !   4       org.gradle.cache.internal.DefaultMultiProcessSafeIndexedCache::getIfPresent (25 bytes)

VM state: not at safepoint (normal execution)

VM Mutex/Monitor currently owned by a thread: None

Heap address: 0x0000000080000000, size: 2048 MB, Compressed Oops mode: 32-bit

CDS archive(s) mapped at: [0x0000026848000000-0x0000026848bd0000-0x0000026848bd0000), size 12386304, SharedBaseAddress: 0x0000026848000000, ArchiveRelocationMode: 1.
Compressed class space mapped at: 0x0000026849000000-0x0000026863000000, reserved size: 436207616
Narrow klass base: 0x0000026848000000, Narrow klass shift: 0, Narrow klass range: 0x100000000

GC Precious Log:
 CPUs: 4 total, 4 available
 Memory: 8083M
 Large Page Support: Disabled
 NUMA Support: Disabled
 Compressed Oops: Enabled (32-bit)
 Heap Region Size: 1M
 Heap Min Capacity: 8M
 Heap Initial Capacity: 128M
 Heap Max Capacity: 2G
 Pre-touch: Disabled
 Parallel Workers: 4
 Concurrent Workers: 1
 Concurrent Refinement Workers: 4
 Periodic GC: Disabled

Heap:
 garbage-first heap   total 224256K, used 189813K [0x0000000080000000, 0x0000000100000000)
  region size 1024K, 32 young (32768K), 5 survivors (5120K)
 Metaspace       used 106612K, committed 107584K, reserved 557056K
  class space    used 14719K, committed 15168K, reserved 425984K

Heap Regions: E=young(eden), S=young(survivor), O=old, HS=humongous(starts), HC=humongous(continues), CS=collection set, F=free, OA=open archive, CA=closed archive, TAMS=top-at-mark-start (previous, next)
|   0|0x0000000080000000, 0x0000000080100000, 0x0000000080100000|100%| O|  |TAMS 0x0000000080100000, 0x0000000080000000| Untracked 
|   1|0x0000000080100000, 0x0000000080200000, 0x0000000080200000|100%| O|  |TAMS 0x0000000080200000, 0x0000000080100000| Untracked 
|   2|0x0000000080200000, 0x0000000080300000, 0x0000000080300000|100%|HS|  |TAMS 0x0000000080300000, 0x0000000080200000| Complete 
|   3|0x0000000080300000, 0x0000000080400000, 0x0000000080400000|100%|HC|  |TAMS 0x0000000080400000, 0x0000000080300000| Complete 
|   4|0x0000000080400000, 0x0000000080500000, 0x0000000080500000|100%|HC|  |TAMS 0x0000000080500000, 0x0000000080400000| Complete 
|   5|0x0000000080500000, 0x0000000080600000, 0x0000000080600000|100%|HC|  |TAMS 0x0000000080600000, 0x0000000080500000| Complete 
|   6|0x0000000080600000, 0x0000000080700000, 0x0000000080700000|100%| O|  |TAMS 0x0000000080700000, 0x0000000080600000| Untracked 
|   7|0x0000000080700000, 0x0000000080800000, 0x0000000080800000|100%| O|  |TAMS 0x0000000080800000, 0x0000000080700000| Untracked 
|   8|0x0000000080800000, 0x0000000080900000, 0x0000000080900000|100%| O|  |TAMS 0x0000000080900000, 0x0000000080800000| Untracked 
|   9|0x0000000080900000, 0x0000000080a00000, 0x0000000080a00000|100%| O|  |TAMS 0x0000000080a00000, 0x0000000080900000| Untracked 
|  10|0x0000000080a00000, 0x0000000080b00000, 0x0000000080b00000|100%| O|  |TAMS 0x0000000080b00000, 0x0000000080a00000| Untracked 
|  11|0x0000000080b00000, 0x0000000080c00000, 0x0000000080c00000|100%| O|  |TAMS 0x0000000080c00000, 0x0000000080b00000| Untracked 
|  12|0x0000000080c00000, 0x0000000080d00000, 0x0000000080d00000|100%| O|  |TAMS 0x0000000080d00000, 0x0000000080c00000| Untracked 
|  13|0x0000000080d00000, 0x0000000080e00000, 0x0000000080e00000|100%| O|  |TAMS 0x0000000080e00000, 0x0000000080d00000| Untracked 
|  14|0x0000000080e00000, 0x0000000080f00000, 0x0000000080f00000|100%| O|  |TAMS 0x0000000080f00000, 0x0000000080e00000| Untracked 
|  15|0x0000000080f00000, 0x0000000081000000, 0x0000000081000000|100%| O|  |TAMS 0x0000000081000000, 0x0000000080f00000| Untracked 
|  16|0x0000000081000000, 0x0000000081100000, 0x0000000081100000|100%| O|  |TAMS 0x0000000081100000, 0x0000000081000000| Untracked 
|  17|0x0000000081100000, 0x0000000081200000, 0x0000000081200000|100%| O|  |TAMS 0x0000000081200000, 0x0000000081100000| Untracked 
|  18|0x0000000081200000, 0x0000000081300000, 0x0000000081300000|100%| O|  |TAMS 0x0000000081300000, 0x0000000081200000| Untracked 
|  19|0x0000000081300000, 0x0000000081400000, 0x0000000081400000|100%| O|  |TAMS 0x0000000081400000, 0x0000000081300000| Untracked 
|  20|0x0000000081400000, 0x0000000081500000, 0x0000000081500000|100%| O|  |TAMS 0x0000000081500000, 0x0000000081400000| Untracked 
|  21|0x0000000081500000, 0x0000000081600000, 0x0000000081600000|100%| O|  |TAMS 0x0000000081600000, 0x0000000081500000| Untracked 
|  22|0x0000000081600000, 0x0000000081700000, 0x0000000081700000|100%| O|  |TAMS 0x0000000081700000, 0x0000000081600000| Untracked 
|  23|0x0000000081700000, 0x0000000081800000, 0x0000000081800000|100%| O|  |TAMS 0x0000000081800000, 0x0000000081700000| Untracked 
|  24|0x0000000081800000, 0x0000000081900000, 0x0000000081900000|100%| O|  |TAMS 0x0000000081900000, 0x0000000081800000| Untracked 
|  25|0x0000000081900000, 0x0000000081a00000, 0x0000000081a00000|100%| O|  |TAMS 0x0000000081a00000, 0x0000000081900000| Untracked 
|  26|0x0000000081a00000, 0x0000000081b00000, 0x0000000081b00000|100%| O|  |TAMS 0x0000000081b00000, 0x0000000081a00000| Untracked 
|  27|0x0000000081b00000, 0x0000000081c00000, 0x0000000081c00000|100%| O|  |TAMS 0x0000000081c00000, 0x0000000081b00000| Untracked 
|  28|0x0000000081c00000, 0x0000000081d00000, 0x0000000081d00000|100%| O|  |TAMS 0x0000000081d00000, 0x0000000081c00000| Untracked 
|  29|0x0000000081d00000, 0x0000000081e00000, 0x0000000081e00000|100%| O|  |TAMS 0x0000000081d00000, 0x0000000081d00000| Untracked 
|  30|0x0000000081e00000, 0x0000000081f00000, 0x0000000081f00000|100%| O|  |TAMS 0x0000000081f00000, 0x0000000081e00000| Untracked 
|  31|0x0000000081f00000, 0x0000000082000000, 0x0000000082000000|100%| O|  |TAMS 0x0000000082000000, 0x0000000081f00000| Untracked 
|  32|0x0000000082000000, 0x0000000082100000, 0x0000000082100000|100%| O|  |TAMS 0x0000000082100000, 0x0000000082000000| Untracked 
|  33|0x0000000082100000, 0x0000000082200000, 0x0000000082200000|100%| O|  |TAMS 0x0000000082200000, 0x0000000082100000| Untracked 
|  34|0x0000000082200000, 0x0000000082300000, 0x0000000082300000|100%| O|  |TAMS 0x0000000082300000, 0x0000000082200000| Untracked 
|  35|0x0000000082300000, 0x0000000082400000, 0x0000000082400000|100%| O|  |TAMS 0x0000000082400000, 0x0000000082300000| Untracked 
|  36|0x0000000082400000, 0x0000000082500000, 0x0000000082500000|100%| O|  |TAMS 0x0000000082500000, 0x0000000082400000| Untracked 
|  37|0x0000000082500000, 0x0000000082600000, 0x0000000082600000|100%| O|  |TAMS 0x0000000082600000, 0x0000000082500000| Untracked 
|  38|0x0000000082600000, 0x0000000082700000, 0x0000000082700000|100%| O|  |TAMS 0x0000000082700000, 0x0000000082600000| Untracked 
|  39|0x0000000082700000, 0x0000000082800000, 0x0000000082800000|100%| O|  |TAMS 0x0000000082800000, 0x0000000082700000| Untracked 
|  40|0x0000000082800000, 0x0000000082900000, 0x0000000082900000|100%| O|  |TAMS 0x0000000082900000, 0x0000000082800000| Untracked 
|  41|0x0000000082900000, 0x0000000082a00000, 0x0000000082a00000|100%|HS|  |TAMS 0x0000000082900000, 0x0000000082900000| Complete 
|  42|0x0000000082a00000, 0x0000000082b00000, 0x0000000082b00000|100%| O|  |TAMS 0x0000000082b00000, 0x0000000082a00000| Untracked 
|  43|0x0000000082b00000, 0x0000000082c00000, 0x0000000082c00000|100%|HS|  |TAMS 0x0000000082c00000, 0x0000000082b00000| Complete 
|  44|0x0000000082c00000, 0x0000000082d00000, 0x0000000082d00000|100%|HC|  |TAMS 0x0000000082d00000, 0x0000000082c00000| Complete 
|  45|0x0000000082d00000, 0x0000000082e00000, 0x0000000082e00000|100%|HS|  |TAMS 0x0000000082e00000, 0x0000000082d00000| Complete 
|  46|0x0000000082e00000, 0x0000000082f00000, 0x0000000082f00000|100%|HC|  |TAMS 0x0000000082f00000, 0x0000000082e00000| Complete 
|  47|0x0000000082f00000, 0x0000000083000000, 0x0000000083000000|100%|HS|  |TAMS 0x0000000083000000, 0x0000000082f00000| Complete 
|  48|0x0000000083000000, 0x0000000083100000, 0x0000000083100000|100%|HC|  |TAMS 0x0000000083100000, 0x0000000083000000| Complete 
|  49|0x0000000083100000, 0x0000000083200000, 0x0000000083200000|100%|HC|  |TAMS 0x0000000083200000, 0x0000000083100000| Complete 
|  50|0x0000000083200000, 0x0000000083300000, 0x0000000083300000|100%|HC|  |TAMS 0x0000000083300000, 0x0000000083200000| Complete 
|  51|0x0000000083300000, 0x0000000083400000, 0x0000000083400000|100%| O|  |TAMS 0x0000000083400000, 0x0000000083300000| Untracked 
|  52|0x0000000083400000, 0x0000000083500000, 0x0000000083500000|100%| O|  |TAMS 0x0000000083500000, 0x0000000083400000| Untracked 
|  53|0x0000000083500000, 0x0000000083600000, 0x0000000083600000|100%| O|  |TAMS 0x0000000083600000, 0x0000000083500000| Untracked 
|  54|0x0000000083600000, 0x0000000083700000, 0x0000000083700000|100%| O|  |TAMS 0x0000000083700000, 0x0000000083600000| Untracked 
|  55|0x0000000083700000, 0x0000000083800000, 0x0000000083800000|100%| O|  |TAMS 0x0000000083800000, 0x0000000083700000| Untracked 
|  56|0x0000000083800000, 0x0000000083900000, 0x0000000083900000|100%|HS|  |TAMS 0x0000000083900000, 0x0000000083800000| Complete 
|  57|0x0000000083900000, 0x0000000083a00000, 0x0000000083a00000|100%|HC|  |TAMS 0x0000000083a00000, 0x0000000083900000| Complete 
|  58|0x0000000083a00000, 0x0000000083b00000, 0x0000000083b00000|100%|HC|  |TAMS 0x0000000083b00000, 0x0000000083a00000| Complete 
|  59|0x0000000083b00000, 0x0000000083c00000, 0x0000000083c00000|100%|HC|  |TAMS 0x0000000083c00000, 0x0000000083b00000| Complete 
|  60|0x0000000083c00000, 0x0000000083d00000, 0x0000000083d00000|100%| O|  |TAMS 0x0000000083d00000, 0x0000000083c00000| Untracked 
|  61|0x0000000083d00000, 0x0000000083e00000, 0x0000000083e00000|100%| O|  |TAMS 0x0000000083e00000, 0x0000000083d00000| Untracked 
|  62|0x0000000083e00000, 0x0000000083f00000, 0x0000000083f00000|100%| O|  |TAMS 0x0000000083eaec00, 0x0000000083e00000| Untracked 
|  63|0x0000000083f00000, 0x0000000084000000, 0x0000000084000000|100%| O|  |TAMS 0x0000000083f00000, 0x0000000083f00000| Untracked 
|  64|0x0000000084000000, 0x0000000084100000, 0x0000000084100000|100%| O|  |TAMS 0x0000000084000000, 0x0000000084000000| Untracked 
|  65|0x0000000084100000, 0x0000000084200000, 0x0000000084200000|100%| O|  |TAMS 0x0000000084100000, 0x0000000084100000| Untracked 
|  66|0x0000000084200000, 0x0000000084300000, 0x0000000084300000|100%|HS|  |TAMS 0x0000000084200000, 0x0000000084200000| Complete 
|  67|0x0000000084300000, 0x0000000084400000, 0x0000000084400000|100%|HS|  |TAMS 0x0000000084300000, 0x0000000084300000| Complete 
|  68|0x0000000084400000, 0x0000000084500000, 0x0000000084500000|100%| O|  |TAMS 0x0000000084400000, 0x0000000084400000| Untracked 
|  69|0x0000000084500000, 0x0000000084600000, 0x0000000084600000|100%|HS|  |TAMS 0x0000000084500000, 0x0000000084500000| Complete 
|  70|0x0000000084600000, 0x0000000084700000, 0x0000000084700000|100%| O|  |TAMS 0x0000000084600000, 0x0000000084600000| Untracked 
|  71|0x0000000084700000, 0x0000000084800000, 0x0000000084800000|100%| O|  |TAMS 0x0000000084700000, 0x0000000084700000| Untracked 
|  72|0x0000000084800000, 0x0000000084900000, 0x0000000084900000|100%| O|  |TAMS 0x0000000084800000, 0x0000000084800000| Untracked 
|  73|0x0000000084900000, 0x0000000084a00000, 0x0000000084a00000|100%| O|  |TAMS 0x0000000084900000, 0x0000000084900000| Untracked 
|  74|0x0000000084a00000, 0x0000000084b00000, 0x0000000084b00000|100%| O|  |TAMS 0x0000000084a00000, 0x0000000084a00000| Untracked 
|  75|0x0000000084b00000, 0x0000000084c00000, 0x0000000084c00000|100%| O|  |TAMS 0x0000000084b00000, 0x0000000084b00000| Untracked 
|  76|0x0000000084c00000, 0x0000000084d00000, 0x0000000084d00000|100%| O|  |TAMS 0x0000000084c00000, 0x0000000084c00000| Untracked 
|  77|0x0000000084d00000, 0x0000000084e00000, 0x0000000084e00000|100%| O|  |TAMS 0x0000000084d00000, 0x0000000084d00000| Untracked 
|  78|0x0000000084e00000, 0x0000000084f00000, 0x0000000084f00000|100%| O|  |TAMS 0x0000000084e00000, 0x0000000084e00000| Untracked 
|  79|0x0000000084f00000, 0x0000000085000000, 0x0000000085000000|100%| O|  |TAMS 0x0000000084f00000, 0x0000000084f00000| Untracked 
|  80|0x0000000085000000, 0x0000000085100000, 0x0000000085100000|100%| O|  |TAMS 0x0000000085000000, 0x0000000085000000| Untracked 
|  81|0x0000000085100000, 0x0000000085200000, 0x0000000085200000|100%| O|  |TAMS 0x0000000085100000, 0x0000000085100000| Untracked 
|  82|0x0000000085200000, 0x0000000085300000, 0x0000000085300000|100%| O|  |TAMS 0x0000000085200000, 0x0000000085200000| Untracked 
|  83|0x0000000085300000, 0x0000000085400000, 0x0000000085400000|100%| O|  |TAMS 0x0000000085300000, 0x0000000085300000| Untracked 
|  84|0x0000000085400000, 0x0000000085500000, 0x0000000085500000|100%| O|  |TAMS 0x0000000085400000, 0x0000000085400000| Untracked 
|  85|0x0000000085500000, 0x0000000085600000, 0x0000000085600000|100%| O|  |TAMS 0x0000000085500000, 0x0000000085500000| Untracked 
|  86|0x0000000085600000, 0x0000000085700000, 0x0000000085700000|100%| O|  |TAMS 0x0000000085600000, 0x0000000085600000| Untracked 
|  87|0x0000000085700000, 0x0000000085800000, 0x0000000085800000|100%| O|  |TAMS 0x0000000085700000, 0x0000000085700000| Untracked 
|  88|0x0000000085800000, 0x0000000085900000, 0x0000000085900000|100%| O|  |TAMS 0x0000000085800000, 0x0000000085800000| Untracked 
|  89|0x0000000085900000, 0x0000000085a00000, 0x0000000085a00000|100%| O|  |TAMS 0x0000000085900000, 0x0000000085900000| Untracked 
|  90|0x0000000085a00000, 0x0000000085b00000, 0x0000000085b00000|100%| O|  |TAMS 0x0000000085a00000, 0x0000000085a00000| Untracked 
|  91|0x0000000085b00000, 0x0000000085c00000, 0x0000000085c00000|100%| O|  |TAMS 0x0000000085b00000, 0x0000000085b00000| Untracked 
|  92|0x0000000085c00000, 0x0000000085d00000, 0x0000000085d00000|100%| O|  |TAMS 0x0000000085c00000, 0x0000000085c00000| Untracked 
|  93|0x0000000085d00000, 0x0000000085e00000, 0x0000000085e00000|100%| O|  |TAMS 0x0000000085d00000, 0x0000000085d00000| Untracked 
|  94|0x0000000085e00000, 0x0000000085f00000, 0x0000000085f00000|100%| O|  |TAMS 0x0000000085e00000, 0x0000000085e00000| Untracked 
|  95|0x0000000085f00000, 0x0000000086000000, 0x0000000086000000|100%|HS|  |TAMS 0x0000000085f00000, 0x0000000085f00000| Complete 
|  96|0x0000000086000000, 0x0000000086100000, 0x0000000086100000|100%|HS|  |TAMS 0x0000000086000000, 0x0000000086000000| Complete 
|  97|0x0000000086100000, 0x0000000086200000, 0x0000000086200000|100%|HS|  |TAMS 0x0000000086100000, 0x0000000086100000| Complete 
|  98|0x0000000086200000, 0x0000000086300000, 0x0000000086300000|100%|HC|  |TAMS 0x0000000086200000, 0x0000000086200000| Complete 
|  99|0x0000000086300000, 0x0000000086400000, 0x0000000086400000|100%| O|  |TAMS 0x0000000086300000, 0x0000000086300000| Untracked 
| 100|0x0000000086400000, 0x0000000086500000, 0x0000000086500000|100%| O|  |TAMS 0x0000000086400000, 0x0000000086400000| Untracked 
| 101|0x0000000086500000, 0x0000000086600000, 0x0000000086600000|100%| O|  |TAMS 0x0000000086500000, 0x0000000086500000| Untracked 
| 102|0x0000000086600000, 0x0000000086700000, 0x0000000086700000|100%| O|  |TAMS 0x0000000086600000, 0x0000000086600000| Untracked 
| 103|0x0000000086700000, 0x0000000086800000, 0x0000000086800000|100%| O|  |TAMS 0x0000000086700000, 0x0000000086700000| Untracked 
| 104|0x0000000086800000, 0x0000000086900000, 0x0000000086900000|100%| O|  |TAMS 0x0000000086800000, 0x0000000086800000| Untracked 
| 105|0x0000000086900000, 0x0000000086a00000, 0x0000000086a00000|100%| O|  |TAMS 0x0000000086900000, 0x0000000086900000| Untracked 
| 106|0x0000000086a00000, 0x0000000086b00000, 0x0000000086b00000|100%| O|  |TAMS 0x0000000086a00000, 0x0000000086a00000| Untracked 
| 107|0x0000000086b00000, 0x0000000086c00000, 0x0000000086c00000|100%| O|  |TAMS 0x0000000086b00000, 0x0000000086b00000| Untracked 
| 108|0x0000000086c00000, 0x0000000086d00000, 0x0000000086d00000|100%| O|  |TAMS 0x0000000086c00000, 0x0000000086c00000| Untracked 
| 109|0x0000000086d00000, 0x0000000086e00000, 0x0000000086e00000|100%| O|  |TAMS 0x0000000086d00000, 0x0000000086d00000| Untracked 
| 110|0x0000000086e00000, 0x0000000086f00000, 0x0000000086f00000|100%|HS|  |TAMS 0x0000000086e00000, 0x0000000086e00000| Complete 
| 111|0x0000000086f00000, 0x0000000087000000, 0x0000000087000000|100%|HS|  |TAMS 0x0000000086f00000, 0x0000000086f00000| Complete 
| 112|0x0000000087000000, 0x0000000087100000, 0x0000000087100000|100%|HS|  |TAMS 0x0000000087000000, 0x0000000087000000| Complete 
| 113|0x0000000087100000, 0x0000000087200000, 0x0000000087200000|100%| O|  |TAMS 0x0000000087100000, 0x0000000087100000| Untracked 
| 114|0x0000000087200000, 0x0000000087300000, 0x0000000087300000|100%| O|  |TAMS 0x0000000087200000, 0x0000000087200000| Untracked 
| 115|0x0000000087300000, 0x0000000087400000, 0x0000000087400000|100%| O|  |TAMS 0x0000000087300000, 0x0000000087300000| Untracked 
| 116|0x0000000087400000, 0x0000000087500000, 0x0000000087500000|100%| O|  |TAMS 0x0000000087400000, 0x0000000087400000| Untracked 
| 117|0x0000000087500000, 0x0000000087600000, 0x0000000087600000|100%| O|  |TAMS 0x0000000087500000, 0x0000000087500000| Untracked 
| 118|0x0000000087600000, 0x0000000087700000, 0x0000000087700000|100%| O|  |TAMS 0x0000000087600000, 0x0000000087600000| Untracked 
| 119|0x0000000087700000, 0x0000000087800000, 0x0000000087800000|100%| O|  |TAMS 0x0000000087700000, 0x0000000087700000| Untracked 
| 120|0x0000000087800000, 0x0000000087900000, 0x0000000087900000|100%| O|  |TAMS 0x0000000087800000, 0x0000000087800000| Untracked 
| 121|0x0000000087900000, 0x0000000087a00000, 0x0000000087a00000|100%| O|  |TAMS 0x0000000087900000, 0x0000000087900000| Untracked 
| 122|0x0000000087a00000, 0x0000000087b00000, 0x0000000087b00000|100%| O|  |TAMS 0x0000000087a00000, 0x0000000087a00000| Untracked 
| 123|0x0000000087b00000, 0x0000000087c00000, 0x0000000087c00000|100%| O|  |TAMS 0x0000000087b00000, 0x0000000087b00000| Untracked 
| 124|0x0000000087c00000, 0x0000000087d00000, 0x0000000087d00000|100%| O|  |TAMS 0x0000000087c00000, 0x0000000087c00000| Untracked 
| 125|0x0000000087d00000, 0x0000000087e00000, 0x0000000087e00000|100%| O|  |TAMS 0x0000000087d00000, 0x0000000087d00000| Untracked 
| 126|0x0000000087e00000, 0x0000000087f00000, 0x0000000087f00000|100%| O|  |TAMS 0x0000000087e00000, 0x0000000087e00000| Untracked 
| 127|0x0000000087f00000, 0x0000000088000000, 0x0000000088000000|100%| O|  |TAMS 0x0000000087f00000, 0x0000000087f00000| Untracked 
| 128|0x0000000088000000, 0x0000000088100000, 0x0000000088100000|100%| O|  |TAMS 0x0000000088000000, 0x0000000088000000| Untracked 
| 129|0x0000000088100000, 0x0000000088200000, 0x0000000088200000|100%| O|  |TAMS 0x0000000088100000, 0x0000000088100000| Untracked 
| 130|0x0000000088200000, 0x0000000088300000, 0x0000000088300000|100%| O|  |TAMS 0x0000000088200000, 0x0000000088200000| Untracked 
| 131|0x0000000088300000, 0x0000000088400000, 0x0000000088400000|100%| O|  |TAMS 0x0000000088300000, 0x0000000088300000| Untracked 
| 132|0x0000000088400000, 0x0000000088500000, 0x0000000088500000|100%| O|  |TAMS 0x0000000088400000, 0x0000000088400000| Untracked 
| 133|0x0000000088500000, 0x0000000088600000, 0x0000000088600000|100%| O|  |TAMS 0x0000000088500000, 0x0000000088500000| Untracked 
| 134|0x0000000088600000, 0x0000000088700000, 0x0000000088700000|100%| O|  |TAMS 0x0000000088600000, 0x0000000088600000| Untracked 
| 135|0x0000000088700000, 0x0000000088800000, 0x0000000088800000|100%| O|  |TAMS 0x0000000088700000, 0x0000000088700000| Untracked 
| 136|0x0000000088800000, 0x0000000088900000, 0x0000000088900000|100%| O|  |TAMS 0x0000000088800000, 0x0000000088800000| Untracked 
| 137|0x0000000088900000, 0x0000000088a00000, 0x0000000088a00000|100%| O|  |TAMS 0x0000000088900000, 0x0000000088900000| Untracked 
| 138|0x0000000088a00000, 0x0000000088b00000, 0x0000000088b00000|100%| O|  |TAMS 0x0000000088a00000, 0x0000000088a00000| Untracked 
| 139|0x0000000088b00000, 0x0000000088c00000, 0x0000000088c00000|100%| O|  |TAMS 0x0000000088b00000, 0x0000000088b00000| Untracked 
| 140|0x0000000088c00000, 0x0000000088d00000, 0x0000000088d00000|100%| O|  |TAMS 0x0000000088c00000, 0x0000000088c00000| Untracked 
| 141|0x0000000088d00000, 0x0000000088e00000, 0x0000000088e00000|100%| O|  |TAMS 0x0000000088d00000, 0x0000000088d00000| Untracked 
| 142|0x0000000088e00000, 0x0000000088f00000, 0x0000000088f00000|100%| O|  |TAMS 0x0000000088e00000, 0x0000000088e00000| Untracked 
| 143|0x0000000088f00000, 0x0000000089000000, 0x0000000089000000|100%| O|  |TAMS 0x0000000088f00000, 0x0000000088f00000| Untracked 
| 144|0x0000000089000000, 0x0000000089100000, 0x0000000089100000|100%| O|  |TAMS 0x0000000089000000, 0x0000000089000000| Untracked 
| 145|0x0000000089100000, 0x0000000089200000, 0x0000000089200000|100%| O|  |TAMS 0x0000000089100000, 0x0000000089100000| Untracked 
| 146|0x0000000089200000, 0x0000000089300000, 0x0000000089300000|100%| O|  |TAMS 0x0000000089200000, 0x0000000089200000| Untracked 
| 147|0x0000000089300000, 0x0000000089400000, 0x0000000089400000|100%| O|  |TAMS 0x0000000089300000, 0x0000000089300000| Untracked 
| 148|0x0000000089400000, 0x0000000089500000, 0x0000000089500000|100%| O|  |TAMS 0x0000000089400000, 0x0000000089400000| Untracked 
| 149|0x0000000089500000, 0x0000000089600000, 0x0000000089600000|100%| O|  |TAMS 0x0000000089500000, 0x0000000089500000| Untracked 
| 150|0x0000000089600000, 0x0000000089700000, 0x0000000089700000|100%| O|  |TAMS 0x0000000089600000, 0x0000000089600000| Untracked 
| 151|0x0000000089700000, 0x0000000089800000, 0x0000000089800000|100%| O|  |TAMS 0x0000000089700000, 0x0000000089700000| Untracked 
| 152|0x0000000089800000, 0x0000000089900000, 0x0000000089900000|100%| O|  |TAMS 0x0000000089800000, 0x0000000089800000| Untracked 
| 153|0x0000000089900000, 0x0000000089a00000, 0x0000000089a00000|100%| O|  |TAMS 0x0000000089900000, 0x0000000089900000| Untracked 
| 154|0x0000000089a00000, 0x0000000089b00000, 0x0000000089b00000|100%| O|  |TAMS 0x0000000089a00000, 0x0000000089a00000| Untracked 
| 155|0x0000000089b00000, 0x0000000089c00000, 0x0000000089c00000|100%| O|  |TAMS 0x0000000089b00000, 0x0000000089b00000| Untracked 
| 156|0x0000000089c00000, 0x0000000089cca990, 0x0000000089d00000| 79%| O|  |TAMS 0x0000000089c00000, 0x0000000089c00000| Untracked 
| 157|0x0000000089d00000, 0x0000000089d00000, 0x0000000089e00000|  0%| F|  |TAMS 0x0000000089d00000, 0x0000000089d00000| Untracked 
| 158|0x0000000089e00000, 0x0000000089e00000, 0x0000000089f00000|  0%| F|  |TAMS 0x0000000089e00000, 0x0000000089e00000| Untracked 
| 159|0x0000000089f00000, 0x0000000089f00000, 0x000000008a000000|  0%| F|  |TAMS 0x0000000089f00000, 0x0000000089f00000| Untracked 
| 160|0x000000008a000000, 0x000000008a000000, 0x000000008a100000|  0%| F|  |TAMS 0x000000008a000000, 0x000000008a000000| Untracked 
| 161|0x000000008a100000, 0x000000008a100000, 0x000000008a200000|  0%| F|  |TAMS 0x000000008a100000, 0x000000008a100000| Untracked 
| 162|0x000000008a200000, 0x000000008a200000, 0x000000008a300000|  0%| F|  |TAMS 0x000000008a200000, 0x000000008a200000| Untracked 
| 163|0x000000008a300000, 0x000000008a300000, 0x000000008a400000|  0%| F|  |TAMS 0x000000008a300000, 0x000000008a300000| Untracked 
| 164|0x000000008a400000, 0x000000008a400000, 0x000000008a500000|  0%| F|  |TAMS 0x000000008a400000, 0x000000008a400000| Untracked 
| 165|0x000000008a500000, 0x000000008a500000, 0x000000008a600000|  0%| F|  |TAMS 0x000000008a500000, 0x000000008a500000| Untracked 
| 166|0x000000008a600000, 0x000000008a600000, 0x000000008a700000|  0%| F|  |TAMS 0x000000008a600000, 0x000000008a600000| Untracked 
| 167|0x000000008a700000, 0x000000008a700000, 0x000000008a800000|  0%| F|  |TAMS 0x000000008a700000, 0x000000008a700000| Untracked 
| 168|0x000000008a800000, 0x000000008a800000, 0x000000008a900000|  0%| F|  |TAMS 0x000000008a800000, 0x000000008a800000| Untracked 
| 169|0x000000008a900000, 0x000000008a900000, 0x000000008aa00000|  0%| F|  |TAMS 0x000000008a900000, 0x000000008a900000| Untracked 
| 170|0x000000008aa00000, 0x000000008aa00000, 0x000000008ab00000|  0%| F|  |TAMS 0x000000008aa00000, 0x000000008aa00000| Untracked 
| 171|0x000000008ab00000, 0x000000008ab00000, 0x000000008ac00000|  0%| F|  |TAMS 0x000000008ab00000, 0x000000008ab00000| Untracked 
| 172|0x000000008ac00000, 0x000000008ac00000, 0x000000008ad00000|  0%| F|  |TAMS 0x000000008ac00000, 0x000000008ac00000| Untracked 
| 173|0x000000008ad00000, 0x000000008ad00000, 0x000000008ae00000|  0%| F|  |TAMS 0x000000008ad00000, 0x000000008ad00000| Untracked 
| 174|0x000000008ae00000, 0x000000008ae00000, 0x000000008af00000|  0%| F|  |TAMS 0x000000008ae00000, 0x000000008ae00000| Untracked 
| 175|0x000000008af00000, 0x000000008af00000, 0x000000008b000000|  0%| F|  |TAMS 0x000000008af00000, 0x000000008af00000| Untracked 
| 176|0x000000008b000000, 0x000000008b000000, 0x000000008b100000|  0%| F|  |TAMS 0x000000008b000000, 0x000000008b000000| Untracked 
| 177|0x000000008b100000, 0x000000008b100000, 0x000000008b200000|  0%| F|  |TAMS 0x000000008b100000, 0x000000008b100000| Untracked 
| 178|0x000000008b200000, 0x000000008b200000, 0x000000008b300000|  0%| F|  |TAMS 0x000000008b200000, 0x000000008b200000| Untracked 
| 179|0x000000008b300000, 0x000000008b300000, 0x000000008b400000|  0%| F|  |TAMS 0x000000008b300000, 0x000000008b300000| Untracked 
| 180|0x000000008b400000, 0x000000008b400000, 0x000000008b500000|  0%| F|  |TAMS 0x000000008b400000, 0x000000008b400000| Untracked 
| 181|0x000000008b500000, 0x000000008b5cfa80, 0x000000008b600000| 81%| E|CS|TAMS 0x000000008b500000, 0x000000008b500000| Complete 
| 182|0x000000008b600000, 0x000000008b700000, 0x000000008b700000|100%| E|CS|TAMS 0x000000008b600000, 0x000000008b600000| Complete 
| 183|0x000000008b700000, 0x000000008b800000, 0x000000008b800000|100%| E|CS|TAMS 0x000000008b700000, 0x000000008b700000| Complete 
| 184|0x000000008b800000, 0x000000008b900000, 0x000000008b900000|100%| E|CS|TAMS 0x000000008b800000, 0x000000008b800000| Complete 
| 185|0x000000008b900000, 0x000000008ba00000, 0x000000008ba00000|100%| E|CS|TAMS 0x000000008b900000, 0x000000008b900000| Complete 
| 186|0x000000008ba00000, 0x000000008ba00000, 0x000000008bb00000|  0%| F|  |TAMS 0x000000008ba00000, 0x000000008ba00000| Untracked 
| 187|0x000000008bb00000, 0x000000008bb00000, 0x000000008bc00000|  0%| F|  |TAMS 0x000000008bb00000, 0x000000008bb00000| Untracked 
| 188|0x000000008bc00000, 0x000000008bc00000, 0x000000008bd00000|  0%| F|  |TAMS 0x000000008bc00000, 0x000000008bc00000| Untracked 
| 189|0x000000008bd00000, 0x000000008bd00000, 0x000000008be00000|  0%| F|  |TAMS 0x000000008bd00000, 0x000000008bd00000| Untracked 
| 190|0x000000008be00000, 0x000000008bef57d0, 0x000000008bf00000| 95%| S|  |TAMS 0x000000008be00000, 0x000000008be00000| Complete 
| 191|0x000000008bf00000, 0x000000008c000000, 0x000000008c000000|100%| E|CS|TAMS 0x000000008bf00000, 0x000000008bf00000| Complete 
| 192|0x000000008c000000, 0x000000008c100000, 0x000000008c100000|100%| E|CS|TAMS 0x000000008c000000, 0x000000008c000000| Complete 
| 193|0x000000008c100000, 0x000000008c200000, 0x000000008c200000|100%| E|CS|TAMS 0x000000008c100000, 0x000000008c100000| Complete 
| 194|0x000000008c200000, 0x000000008c300000, 0x000000008c300000|100%| E|CS|TAMS 0x000000008c200000, 0x000000008c200000| Complete 
| 195|0x000000008c300000, 0x000000008c400000, 0x000000008c400000|100%| E|CS|TAMS 0x000000008c300000, 0x000000008c300000| Complete 
| 196|0x000000008c400000, 0x000000008c500000, 0x000000008c500000|100%| E|CS|TAMS 0x000000008c400000, 0x000000008c400000| Complete 
| 197|0x000000008c500000, 0x000000008c600000, 0x000000008c600000|100%| E|CS|TAMS 0x000000008c500000, 0x000000008c500000| Complete 
| 198|0x000000008c600000, 0x000000008c700000, 0x000000008c700000|100%| E|CS|TAMS 0x000000008c600000, 0x000000008c600000| Complete 
| 199|0x000000008c700000, 0x000000008c800000, 0x000000008c800000|100%| E|CS|TAMS 0x000000008c700000, 0x000000008c700000| Complete 
| 200|0x000000008c800000, 0x000000008c900000, 0x000000008c900000|100%| E|CS|TAMS 0x000000008c800000, 0x000000008c800000| Complete 
| 201|0x000000008c900000, 0x000000008ca00000, 0x000000008ca00000|100%| E|CS|TAMS 0x000000008c900000, 0x000000008c900000| Complete 
| 202|0x000000008ca00000, 0x000000008cb00000, 0x000000008cb00000|100%| E|CS|TAMS 0x000000008ca00000, 0x000000008ca00000| Complete 
| 203|0x000000008cb00000, 0x000000008cc00000, 0x000000008cc00000|100%| E|CS|TAMS 0x000000008cb00000, 0x000000008cb00000| Complete 
| 204|0x000000008cc00000, 0x000000008cd00000, 0x000000008cd00000|100%| E|CS|TAMS 0x000000008cc00000, 0x000000008cc00000| Complete 
| 205|0x000000008cd00000, 0x000000008ce00000, 0x000000008ce00000|100%| E|CS|TAMS 0x000000008cd00000, 0x000000008cd00000| Complete 
| 206|0x000000008ce00000, 0x000000008cf00000, 0x000000008cf00000|100%| E|CS|TAMS 0x000000008ce00000, 0x000000008ce00000| Complete 
| 207|0x000000008cf00000, 0x000000008d000000, 0x000000008d000000|100%| E|CS|TAMS 0x000000008cf00000, 0x000000008cf00000| Complete 
| 208|0x000000008d000000, 0x000000008d100000, 0x000000008d100000|100%| E|CS|TAMS 0x000000008d000000, 0x000000008d000000| Complete 
| 209|0x000000008d100000, 0x000000008d200000, 0x000000008d200000|100%| E|CS|TAMS 0x000000008d100000, 0x000000008d100000| Complete 
| 210|0x000000008d200000, 0x000000008d300000, 0x000000008d300000|100%| E|CS|TAMS 0x000000008d200000, 0x000000008d200000| Complete 
| 211|0x000000008d300000, 0x000000008d400000, 0x000000008d400000|100%| E|CS|TAMS 0x000000008d300000, 0x000000008d300000| Complete 
| 212|0x000000008d400000, 0x000000008d500000, 0x000000008d500000|100%| E|CS|TAMS 0x000000008d400000, 0x000000008d400000| Complete 
| 213|0x000000008d500000, 0x000000008d600000, 0x000000008d600000|100%| E|CS|TAMS 0x000000008d500000, 0x000000008d500000| Complete 
| 214|0x000000008d600000, 0x000000008d700000, 0x000000008d700000|100%| E|CS|TAMS 0x000000008d600000, 0x000000008d600000| Complete 
| 215|0x000000008d700000, 0x000000008d800000, 0x000000008d800000|100%| E|CS|TAMS 0x000000008d700000, 0x000000008d700000| Complete 
| 216|0x000000008d800000, 0x000000008d900000, 0x000000008d900000|100%| E|CS|TAMS 0x000000008d800000, 0x000000008d800000| Complete 
| 217|0x000000008d900000, 0x000000008da00000, 0x000000008da00000|100%| E|CS|TAMS 0x000000008d900000, 0x000000008d900000| Complete 
| 218|0x000000008da00000, 0x000000008db00000, 0x000000008db00000|100%| E|CS|TAMS 0x000000008da00000, 0x000000008da00000| Complete 

Card table byte_map: [0x00000268405e0000,0x00000268409e0000] _byte_map_base: 0x00000268401e0000

Marking Bits (Prev, Next): (CMBitMap*) 0x0000026829743820, (CMBitMap*) 0x00000268297437e0
 Prev Bits: [0x0000026842de0000, 0x0000026844de0000)
 Next Bits: [0x0000026840de0000, 0x0000026842de0000)

Polling page: 0x0000026828ea0000

Metaspace:

Usage:
  Non-class:     89.74 MB used.
      Class:     14.37 MB used.
       Both:    104.11 MB used.

Virtual space:
  Non-class space:      128.00 MB reserved,      90.25 MB ( 71%) committed,  2 nodes.
      Class space:      416.00 MB reserved,      14.81 MB (  4%) committed,  1 nodes.
             Both:      544.00 MB reserved,     105.06 MB ( 19%) committed. 

Chunk freelists:
   Non-Class:  4.89 MB
       Class:  1.21 MB
        Both:  6.10 MB

MaxMetaspaceSize: 512.00 MB
CompressedClassSpaceSize: 416.00 MB
Initial GC threshold: 21.00 MB
Current GC threshold: 112.81 MB
CDS: on
MetaspaceReclaimPolicy: balanced
 - commit_granule_bytes: 65536.
 - commit_granule_words: 8192.
 - virtual_space_node_default_size: 8388608.
 - enlarge_chunks_in_place: 1.
 - new_chunks_are_fully_committed: 0.
 - uncommit_free_chunks: 1.
 - use_allocation_guard: 0.
 - handle_deallocations: 1.


Internal statistics:

num_allocs_failed_limit: 6.
num_arena_births: 1274.
num_arena_deaths: 0.
num_vsnodes_births: 3.
num_vsnodes_deaths: 0.
num_space_committed: 1681.
num_space_uncommitted: 0.
num_chunks_returned_to_freelist: 6.
num_chunks_taken_from_freelist: 5870.
num_chunk_merges: 6.
num_chunk_splits: 3833.
num_chunks_enlarged: 2501.
num_inconsistent_stats: 0.

CodeHeap 'non-profiled nmethods': size=120000Kb used=8258Kb max_used=8268Kb free=111741Kb
 bounds [0x0000026838cb0000, 0x00000268394d0000, 0x00000268401e0000]
CodeHeap 'profiled nmethods': size=120000Kb used=25950Kb max_used=26740Kb free=94049Kb
 bounds [0x00000268311e0000, 0x0000026832c00000, 0x0000026838710000]
CodeHeap 'non-nmethods': size=5760Kb used=2406Kb max_used=2524Kb free=3353Kb
 bounds [0x0000026838710000, 0x00000268389b0000, 0x0000026838cb0000]
 total_blobs=14156 nmethods=13215 adapters=852
 compilation: enabled
              stopped_count=0, restarted_count=0
 full_count=0

Compilation events (20 events):
Event: 36.713 Thread 0x000002687117c290 nmethod 15565 0x0000026839338890 code [0x0000026839338a40, 0x0000026839338fc8]
Event: 36.713 Thread 0x000002687117c290 15566       4       com.esotericsoftware.kryo.io.Input::readLong (181 bytes)
Event: 36.717 Thread 0x000002687117c290 nmethod 15566 0x00000268392dd310 code [0x00000268392dd4a0, 0x00000268392dd8f8]
Event: 36.717 Thread 0x000002687117c290 15568       4       java.util.function.Predicate$$Lambda$184/0x00000268491333b8::test (15 bytes)
Event: 36.735 Thread 0x000002687117c290 nmethod 15568 0x00000268390abb90 code [0x00000268390abdc0, 0x00000268390ac928]
Event: 36.735 Thread 0x000002687117c290 15570       4       sun.nio.fs.WindowsFileAttributes::isSymbolicLink (15 bytes)
Event: 36.735 Thread 0x000002687117c290 nmethod 15570 0x00000268390ab710 code [0x00000268390ab880, 0x00000268390ab918]
Event: 36.735 Thread 0x000002687117c290 15569       4       org.gradle.internal.snapshot.impl.DirectorySnapshotter$DefaultExcludes$StartMatcher::test (9 bytes)
Event: 36.739 Thread 0x000002687117c290 nmethod 15569 0x0000026838fc2c10 code [0x0000026838fc2da0, 0x0000026838fc3058]
Event: 36.739 Thread 0x000002687117c290 15567       4       jdk.internal.misc.Unsafe::checkNativeAddress (28 bytes)
Event: 36.740 Thread 0x000002687117c290 nmethod 15567 0x00000268392dd010 code [0x00000268392dd180, 0x00000268392dd1f8]
Event: 36.741 Thread 0x000002687117c290 15571       4       org.gradle.cache.internal.btree.BTreePersistentIndexedCache$DataBlock::getValue (47 bytes)
Event: 36.748 Thread 0x000002687117c290 nmethod 15571 0x000002683913f110 code [0x000002683913f2c0, 0x000002683913fbd8]
Event: 36.748 Thread 0x000002687117c290 15572       4       sun.nio.fs.WindowsFileAttributes::isDirectory (25 bytes)
Event: 36.749 Thread 0x000002687117c290 nmethod 15572 0x000002683913ee10 code [0x000002683913ef80, 0x000002683913f038]
Event: 36.749 Thread 0x000002687117c290 15573       4       org.gradle.internal.hash.HashCode::fromBytes (47 bytes)
Event: 36.753 Thread 0x000002687117c290 nmethod 15573 0x0000026838fc2210 code [0x0000026838fc23a0, 0x0000026838fc2838]
Event: 36.753 Thread 0x000002687117c290 15574       4       java.util.concurrent.FutureTask::finishCompletion (71 bytes)
Event: 36.755 Thread 0x000002687117c290 nmethod 15574 0x0000026839148290 code [0x0000026839148420, 0x0000026839148668]
Event: 36.755 Thread 0x000002687117c290 15575       4       com.google.common.cache.LocalCache$Segment::recordWrite (72 bytes)

GC Heap History (20 events):
Event: 33.333 GC heap before
{Heap before GC invocations=44 (full 0):
 garbage-first heap   total 186368K, used 155822K [0x0000000080000000, 0x0000000100000000)
  region size 1024K, 19 young (19456K), 3 survivors (3072K)
 Metaspace       used 99523K, committed 100416K, reserved 557056K
  class space    used 13812K, committed 14208K, reserved 425984K
}
Event: 33.337 GC heap after
{Heap after GC invocations=45 (full 0):
 garbage-first heap   total 186368K, used 141566K [0x0000000080000000, 0x0000000100000000)
  region size 1024K, 1 young (1024K), 1 survivors (1024K)
 Metaspace       used 99523K, committed 100416K, reserved 557056K
  class space    used 13812K, committed 14208K, reserved 425984K
}
Event: 33.570 GC heap before
{Heap before GC invocations=45 (full 0):
 garbage-first heap   total 186368K, used 157950K [0x0000000080000000, 0x0000000100000000)
  region size 1024K, 18 young (18432K), 1 survivors (1024K)
 Metaspace       used 100975K, committed 101952K, reserved 557056K
  class space    used 14050K, committed 14528K, reserved 425984K
}
Event: 33.576 GC heap after
{Heap after GC invocations=46 (full 0):
 garbage-first heap   total 186368K, used 142136K [0x0000000080000000, 0x0000000100000000)
  region size 1024K, 2 young (2048K), 2 survivors (2048K)
 Metaspace       used 100975K, committed 101952K, reserved 557056K
  class space    used 14050K, committed 14528K, reserved 425984K
}
Event: 33.826 GC heap before
{Heap before GC invocations=46 (full 0):
 garbage-first heap   total 186368K, used 159544K [0x0000000080000000, 0x0000000100000000)
  region size 1024K, 19 young (19456K), 2 survivors (2048K)
 Metaspace       used 102517K, committed 103552K, reserved 557056K
  class space    used 14251K, committed 14720K, reserved 425984K
}
Event: 33.830 GC heap after
{Heap after GC invocations=47 (full 0):
 garbage-first heap   total 186368K, used 142888K [0x0000000080000000, 0x0000000100000000)
  region size 1024K, 3 young (3072K), 3 survivors (3072K)
 Metaspace       used 102517K, committed 103552K, reserved 557056K
  class space    used 14251K, committed 14720K, reserved 425984K
}
Event: 34.156 GC heap before
{Heap before GC invocations=47 (full 0):
 garbage-first heap   total 186368K, used 160296K [0x0000000080000000, 0x0000000100000000)
  region size 1024K, 20 young (20480K), 3 survivors (3072K)
 Metaspace       used 102909K, committed 103872K, reserved 557056K
  class space    used 14298K, committed 14720K, reserved 425984K
}
Event: 34.162 GC heap after
{Heap after GC invocations=48 (full 0):
 garbage-first heap   total 186368K, used 145469K [0x0000000080000000, 0x0000000100000000)
  region size 1024K, 3 young (3072K), 3 survivors (3072K)
 Metaspace       used 102909K, committed 103872K, reserved 557056K
  class space    used 14298K, committed 14720K, reserved 425984K
}
Event: 34.289 GC heap before
{Heap before GC invocations=48 (full 0):
 garbage-first heap   total 186368K, used 160829K [0x0000000080000000, 0x0000000100000000)
  region size 1024K, 18 young (18432K), 3 survivors (3072K)
 Metaspace       used 103791K, committed 104768K, reserved 557056K
  class space    used 14407K, committed 14848K, reserved 425984K
}
Event: 34.295 GC heap after
{Heap after GC invocations=49 (full 0):
 garbage-first heap   total 224256K, used 146560K [0x0000000080000000, 0x0000000100000000)
  region size 1024K, 1 young (1024K), 1 survivors (1024K)
 Metaspace       used 103791K, committed 104768K, reserved 557056K
  class space    used 14407K, committed 14848K, reserved 425984K
}
Event: 34.752 GC heap before
{Heap before GC invocations=49 (full 0):
 garbage-first heap   total 224256K, used 185472K [0x0000000080000000, 0x0000000100000000)
  region size 1024K, 39 young (39936K), 1 survivors (1024K)
 Metaspace       used 104946K, committed 105856K, reserved 557056K
  class space    used 14539K, committed 14976K, reserved 425984K
}
Event: 34.760 GC heap after
{Heap after GC invocations=50 (full 0):
 garbage-first heap   total 224256K, used 151166K [0x0000000080000000, 0x0000000100000000)
  region size 1024K, 5 young (5120K), 5 survivors (5120K)
 Metaspace       used 104946K, committed 105856K, reserved 557056K
  class space    used 14539K, committed 14976K, reserved 425984K
}
Event: 35.133 GC heap before
{Heap before GC invocations=50 (full 0):
 garbage-first heap   total 224256K, used 187006K [0x0000000080000000, 0x0000000100000000)
  region size 1024K, 40 young (40960K), 5 survivors (5120K)
 Metaspace       used 105324K, committed 106304K, reserved 557056K
  class space    used 14574K, committed 14976K, reserved 425984K
}
Event: 35.143 GC heap after
{Heap after GC invocations=51 (full 0):
 garbage-first heap   total 224256K, used 155115K [0x0000000080000000, 0x0000000100000000)
  region size 1024K, 4 young (4096K), 4 survivors (4096K)
 Metaspace       used 105324K, committed 106304K, reserved 557056K
  class space    used 14574K, committed 14976K, reserved 425984K
}
Event: 35.573 GC heap before
{Heap before GC invocations=51 (full 0):
 garbage-first heap   total 224256K, used 187883K [0x0000000080000000, 0x0000000100000000)
  region size 1024K, 37 young (37888K), 4 survivors (4096K)
 Metaspace       used 105985K, committed 106944K, reserved 557056K
  class space    used 14668K, committed 15104K, reserved 425984K
}
Event: 35.580 GC heap after
{Heap after GC invocations=52 (full 0):
 garbage-first heap   total 224256K, used 158225K [0x0000000080000000, 0x0000000100000000)
  region size 1024K, 3 young (3072K), 3 survivors (3072K)
 Metaspace       used 105985K, committed 106944K, reserved 557056K
  class space    used 14668K, committed 15104K, reserved 425984K
}
Event: 36.106 GC heap before
{Heap before GC invocations=52 (full 0):
 garbage-first heap   total 224256K, used 188945K [0x0000000080000000, 0x0000000100000000)
  region size 1024K, 34 young (34816K), 3 survivors (3072K)
 Metaspace       used 106290K, committed 107264K, reserved 557056K
  class space    used 14676K, committed 15104K, reserved 425984K
}
Event: 36.112 GC heap after
{Heap after GC invocations=53 (full 0):
 garbage-first heap   total 224256K, used 159890K [0x0000000080000000, 0x0000000100000000)
  region size 1024K, 2 young (2048K), 2 survivors (2048K)
 Metaspace       used 106290K, committed 107264K, reserved 557056K
  class space    used 14676K, committed 15104K, reserved 425984K
}
Event: 36.521 GC heap before
{Heap before GC invocations=53 (full 0):
 garbage-first heap   total 224256K, used 191634K [0x0000000080000000, 0x0000000100000000)
  region size 1024K, 33 young (33792K), 2 survivors (2048K)
 Metaspace       used 106612K, committed 107584K, reserved 557056K
  class space    used 14719K, committed 15168K, reserved 425984K
}
Event: 36.526 GC heap after
{Heap after GC invocations=54 (full 0):
 garbage-first heap   total 224256K, used 163189K [0x0000000080000000, 0x0000000100000000)
  region size 1024K, 5 young (5120K), 5 survivors (5120K)
 Metaspace       used 106612K, committed 107584K, reserved 557056K
  class space    used 14719K, committed 15168K, reserved 425984K
}

Dll operation events (14 events):
Event: 0.011 Loaded shared library C:\Program Files\Microsoft\jdk-17.0.8.7-hotspot\bin\java.dll
Event: 0.033 Loaded shared library C:\Program Files\Microsoft\jdk-17.0.8.7-hotspot\bin\jsvml.dll
Event: 0.106 Loaded shared library C:\Program Files\Microsoft\jdk-17.0.8.7-hotspot\bin\zip.dll
Event: 0.110 Loaded shared library C:\Program Files\Microsoft\jdk-17.0.8.7-hotspot\bin\instrument.dll
Event: 0.114 Loaded shared library C:\Program Files\Microsoft\jdk-17.0.8.7-hotspot\bin\net.dll
Event: 0.116 Loaded shared library C:\Program Files\Microsoft\jdk-17.0.8.7-hotspot\bin\nio.dll
Event: 0.119 Loaded shared library C:\Program Files\Microsoft\jdk-17.0.8.7-hotspot\bin\zip.dll
Event: 0.383 Loaded shared library C:\Program Files\Microsoft\jdk-17.0.8.7-hotspot\bin\jimage.dll
Event: 0.474 Loaded shared library C:\Program Files\Microsoft\jdk-17.0.8.7-hotspot\bin\verify.dll
Event: 0.643 Loaded shared library C:\Users\chabo\.gradle\native\68d5fa5c4cc2d200863cafc0d521ce42e7d3e7ee720ec0a83991735586a16f82\windows-amd64\native-platform.dll
Event: 0.661 Loaded shared library C:\Users\chabo\.gradle\native\e376f236ea51e6404a007f0833ffe2c6e607c4080706a723a18a27aeea778392\windows-amd64\native-platform-file-events.dll
Event: 1.830 Loaded shared library C:\Program Files\Microsoft\jdk-17.0.8.7-hotspot\bin\management.dll
Event: 1.832 Loaded shared library C:\Program Files\Microsoft\jdk-17.0.8.7-hotspot\bin\management_ext.dll
Event: 2.233 Loaded shared library C:\Program Files\Microsoft\jdk-17.0.8.7-hotspot\bin\sunmscapi.dll

Deoptimization events (20 events):
Event: 36.439 Thread 0x00000268683ee0c0 Uncommon trap: trap_request=0xffffffc6 fr.pc=0x00000268394842c8 relative=0x00000000000000a8
Event: 36.439 Thread 0x00000268683ee0c0 Uncommon trap: reason=bimorphic_or_optimized_type_check action=maybe_recompile pc=0x00000268394842c8 method=org.gradle.execution.plan.ActionNode.hasPendingPreExecutionNodes()Z @ 11 c2
Event: 36.439 Thread 0x00000268683ee0c0 DEOPT PACKING pc=0x00000268394842c8 sp=0x000000edd91fd700
Event: 36.439 Thread 0x00000268683ee0c0 DEOPT UNPACKING pc=0x00000268387669a3 sp=0x000000edd91fd688 mode 2
Event: 36.445 Thread 0x00000268683ee0c0 Uncommon trap: trap_request=0xffffffc6 fr.pc=0x00000268394842c8 relative=0x00000000000000a8
Event: 36.445 Thread 0x00000268683ee0c0 Uncommon trap: reason=bimorphic_or_optimized_type_check action=maybe_recompile pc=0x00000268394842c8 method=org.gradle.execution.plan.ActionNode.hasPendingPreExecutionNodes()Z @ 11 c2
Event: 36.445 Thread 0x00000268683ee0c0 DEOPT PACKING pc=0x00000268394842c8 sp=0x000000edd91fd700
Event: 36.445 Thread 0x00000268683ee0c0 DEOPT UNPACKING pc=0x00000268387669a3 sp=0x000000edd91fd688 mode 2
Event: 36.449 Thread 0x00000268683ee0c0 Uncommon trap: trap_request=0xffffffc6 fr.pc=0x00000268394842c8 relative=0x00000000000000a8
Event: 36.449 Thread 0x00000268683ee0c0 Uncommon trap: reason=bimorphic_or_optimized_type_check action=maybe_recompile pc=0x00000268394842c8 method=org.gradle.execution.plan.ActionNode.hasPendingPreExecutionNodes()Z @ 11 c2
Event: 36.452 Thread 0x00000268683ee0c0 DEOPT PACKING pc=0x00000268394842c8 sp=0x000000edd91fd700
Event: 36.452 Thread 0x00000268683ee0c0 DEOPT UNPACKING pc=0x00000268387669a3 sp=0x000000edd91fd688 mode 2
Event: 36.455 Thread 0x0000026872837bc0 Uncommon trap: trap_request=0xffffffd6 fr.pc=0x00000268394b271c relative=0x0000000000000ddc
Event: 36.455 Thread 0x0000026872837bc0 Uncommon trap: reason=array_check action=maybe_recompile pc=0x00000268394b271c method=com.google.common.collect.RegularImmutableMap.fromEntryArrayCheckingBucketOverflow(I[Ljava/util/Map$Entry;Z)Lcom/google/common/collect/ImmutableMap; @ 216 c2
Event: 36.455 Thread 0x0000026872837bc0 DEOPT PACKING pc=0x00000268394b271c sp=0x000000eddbafe0c0
Event: 36.455 Thread 0x0000026872837bc0 DEOPT UNPACKING pc=0x00000268387669a3 sp=0x000000eddbafdf88 mode 2
Event: 36.455 Thread 0x0000026872837bc0 Uncommon trap: trap_request=0xffffffd6 fr.pc=0x00000268394b271c relative=0x0000000000000ddc
Event: 36.455 Thread 0x0000026872837bc0 Uncommon trap: reason=array_check action=maybe_recompile pc=0x00000268394b271c method=com.google.common.collect.RegularImmutableMap.fromEntryArrayCheckingBucketOverflow(I[Ljava/util/Map$Entry;Z)Lcom/google/common/collect/ImmutableMap; @ 216 c2
Event: 36.455 Thread 0x0000026872837bc0 DEOPT PACKING pc=0x00000268394b271c sp=0x000000eddbafde50
Event: 36.455 Thread 0x0000026872837bc0 DEOPT UNPACKING pc=0x00000268387669a3 sp=0x000000eddbafdd18 mode 2

Classes unloaded (0 events):
No events

Classes redefined (0 events):
No events

Internal exceptions (20 events):
Event: 33.721 Thread 0x000002686915d7c0 Exception <a 'sun/nio/fs/WindowsException'{0x000000008aed1b68}> (0x000000008aed1b68) 
thrown [s\src\hotspot\share\prims\jni.cpp, line 516]
Event: 33.830 Thread 0x000002684728f860 Implicit null exception at 0x000002683936fb80 to 0x00000268393701cc
Event: 34.504 Thread 0x000002686915d7c0 Implicit null exception at 0x00000268393d9d88 to 0x00000268393e0d0c
Event: 34.587 Thread 0x000002686915d7c0 Exception <a 'java/lang/IncompatibleClassChangeError'{0x000000008c17b678}: Found class java.lang.Object, but interface was expected> (0x000000008c17b678) 
thrown [s\src\hotspot\share\interpreter\linkResolver.cpp, line 826]
Event: 34.711 Thread 0x000002686915d7c0 Exception <a 'sun/nio/fs/WindowsException'{0x000000008b8817d0}> (0x000000008b8817d0) 
thrown [s\src\hotspot\share\prims\jni.cpp, line 516]
Event: 34.711 Thread 0x000002686915d7c0 Exception <a 'sun/nio/fs/WindowsException'{0x000000008b882ff0}> (0x000000008b882ff0) 
thrown [s\src\hotspot\share\prims\jni.cpp, line 516]
Event: 34.711 Thread 0x000002686915d7c0 Exception <a 'sun/nio/fs/WindowsException'{0x000000008b884620}> (0x000000008b884620) 
thrown [s\src\hotspot\share\prims\jni.cpp, line 516]
Event: 34.711 Thread 0x000002686915d7c0 Exception <a 'sun/nio/fs/WindowsException'{0x000000008b885c50}> (0x000000008b885c50) 
thrown [s\src\hotspot\share\prims\jni.cpp, line 516]
Event: 35.317 Thread 0x00000268683e99e0 Exception <a 'java/lang/NoSuchMethodError'{0x000000008c740580}: 'void java.lang.invoke.DirectMethodHandle$Holder.invokeStatic(java.lang.Object, java.lang.Object, java.lang.Object, java.lang.Object, int, java.lang.Object, java.lang.Object)'> (0x000000008c740580) 
thrown [s\src\hotspot\share\interpreter\linkResolver.cpp, line 759]
Event: 35.342 Thread 0x000002686c6f9250 Exception <a 'java/lang/NoSuchMethodError'{0x000000008c637780}: 'java.lang.Object java.lang.invoke.DirectMethodHandle$Holder.invokeSpecialIFC(java.lang.Object, java.lang.Object, java.lang.Object)'> (0x000000008c637780) 
thrown [s\src\hotspot\share\interpreter\linkResolver.cpp, line 759]
Event: 35.342 Thread 0x00000268683e99e0 Exception <a 'java/lang/NoSuchMethodError'{0x000000008c6f2410}: 'java.lang.Object java.lang.invoke.DirectMethodHandle$Holder.invokeSpecialIFC(java.lang.Object, java.lang.Object, java.lang.Object)'> (0x000000008c6f2410) 
thrown [s\src\hotspot\share\interpreter\linkResolver.cpp, line 759]
Event: 35.343 Thread 0x000002686c6fb5c0 Exception <a 'java/lang/NoSuchMethodError'{0x000000008c6d6a40}: 'java.lang.Object java.lang.invoke.DirectMethodHandle$Holder.invokeSpecialIFC(java.lang.Object, java.lang.Object, java.lang.Object)'> (0x000000008c6d6a40) 
thrown [s\src\hotspot\share\interpreter\linkResolver.cpp, line 759]
Event: 35.343 Thread 0x000002686c6f73f0 Exception <a 'java/lang/NoSuchMethodError'{0x000000008c7d2888}: 'java.lang.Object java.lang.invoke.DirectMethodHandle$Holder.invokeSpecialIFC(java.lang.Object, java.lang.Object, java.lang.Object)'> (0x000000008c7d2888) 
thrown [s\src\hotspot\share\interpreter\linkResolver.cpp, line 759]
Event: 36.299 Thread 0x00000268683ee0c0 Exception <a 'java/lang/ClassNotFoundException'{0x000000008c7e57d8}: groovy/util/FileTreeBuilderBeanInfo> (0x000000008c7e57d8) 
thrown [s\src\hotspot\share\classfile\systemDictionary.cpp, line 256]
Event: 36.301 Thread 0x00000268683ee0c0 Exception <a 'java/lang/ClassNotFoundException'{0x000000008c648560}: groovy/util/FileTreeBuilderCustomizer> (0x000000008c648560) 
thrown [s\src\hotspot\share\classfile\systemDictionary.cpp, line 256]
Event: 36.320 Thread 0x00000268683ee0c0 Exception <a 'java/lang/ClassNotFoundException'{0x000000008c68e520}: java/io/BufferedWriterBeanInfo> (0x000000008c68e520) 
thrown [s\src\hotspot\share\classfile\systemDictionary.cpp, line 256]
Event: 36.321 Thread 0x00000268683ee0c0 Exception <a 'java/lang/ClassNotFoundException'{0x000000008c694650}: java/io/WriterBeanInfo> (0x000000008c694650) 
thrown [s\src\hotspot\share\classfile\systemDictionary.cpp, line 256]
Event: 36.321 Thread 0x00000268683ee0c0 Exception <a 'java/lang/ClassNotFoundException'{0x000000008c69a9f0}: java/io/WriterCustomizer> (0x000000008c69a9f0) 
thrown [s\src\hotspot\share\classfile\systemDictionary.cpp, line 256]
Event: 36.321 Thread 0x00000268683ee0c0 Exception <a 'java/lang/ClassNotFoundException'{0x000000008c6a97a0}: java/io/BufferedWriterCustomizer> (0x000000008c6a97a0) 
thrown [s\src\hotspot\share\classfile\systemDictionary.cpp, line 256]
Event: 36.397 Thread 0x00000268683ee0c0 Exception <a 'java/lang/NoSuchMethodError'{0x000000008c524708}: static Lcom/android/build/api/variant/BuildConfigField;.<clinit>()V> (0x000000008c524708) 
thrown [s\src\hotspot\share\prims\jni.cpp, line 1107]

VM Operations (20 events):
Event: 35.573 Executing VM operation: G1CollectForAllocation
Event: 35.580 Executing VM operation: G1CollectForAllocation done
Event: 35.698 Executing VM operation: HandshakeAllThreads
Event: 35.698 Executing VM operation: HandshakeAllThreads done
Event: 35.715 Executing VM operation: ICBufferFull
Event: 35.715 Executing VM operation: ICBufferFull done
Event: 35.788 Executing VM operation: HandshakeAllThreads
Event: 35.788 Executing VM operation: HandshakeAllThreads done
Event: 36.106 Executing VM operation: G1CollectForAllocation
Event: 36.113 Executing VM operation: G1CollectForAllocation done
Event: 36.277 Executing VM operation: HandshakeAllThreads
Event: 36.277 Executing VM operation: HandshakeAllThreads done
Event: 36.306 Executing VM operation: HandshakeAllThreads
Event: 36.306 Executing VM operation: HandshakeAllThreads done
Event: 36.310 Executing VM operation: HandshakeAllThreads
Event: 36.310 Executing VM operation: HandshakeAllThreads done
Event: 36.399 Executing VM operation: ICBufferFull
Event: 36.399 Executing VM operation: ICBufferFull done
Event: 36.521 Executing VM operation: G1CollectForAllocation
Event: 36.526 Executing VM operation: G1CollectForAllocation done

Events (20 events):
Event: 36.294 Thread 0x0000026847438050 flushing nmethod 0x0000026832b29a10
Event: 36.294 Thread 0x0000026847438050 flushing nmethod 0x0000026832b2aa10
Event: 36.294 Thread 0x0000026847438050 flushing nmethod 0x0000026832b2c310
Event: 36.294 Thread 0x0000026847438050 flushing nmethod 0x0000026832b4ca90
Event: 36.320 loading class java/io/BufferedWriterBeanInfo
Event: 36.320 loading class java/io/BufferedWriterBeanInfo done
Event: 36.320 loading class java/io/BufferedWriterBeanInfo
Event: 36.320 loading class java/io/BufferedWriterBeanInfo done
Event: 36.320 loading class java/io/WriterBeanInfo
Event: 36.320 loading class java/io/WriterBeanInfo done
Event: 36.321 loading class java/io/WriterBeanInfo
Event: 36.321 loading class java/io/WriterBeanInfo done
Event: 36.321 loading class java/io/WriterCustomizer
Event: 36.321 loading class java/io/WriterCustomizer done
Event: 36.321 loading class java/io/WriterCustomizer
Event: 36.321 loading class java/io/WriterCustomizer done
Event: 36.321 loading class java/io/BufferedWriterCustomizer
Event: 36.321 loading class java/io/BufferedWriterCustomizer done
Event: 36.321 loading class java/io/BufferedWriterCustomizer
Event: 36.321 loading class java/io/BufferedWriterCustomizer done


Dynamic libraries:
0x00007ff75b610000 - 0x00007ff75b61e000 	C:\Program Files\Microsoft\jdk-17.0.8.7-hotspot\bin\java.exe
0x00007ffde2f10000 - 0x00007ffde3108000 	C:\WINDOWS\SYSTEM32\ntdll.dll
0x00007ffde2240000 - 0x00007ffde22fd000 	C:\WINDOWS\System32\KERNEL32.DLL
0x00007ffde0670000 - 0x00007ffde0966000 	C:\WINDOWS\System32\KERNELBASE.dll
0x00007ffde0e60000 - 0x00007ffde0f60000 	C:\WINDOWS\System32\ucrtbase.dll
0x00007ffdc40b0000 - 0x00007ffdc40cb000 	C:\Program Files\Microsoft\jdk-17.0.8.7-hotspot\bin\VCRUNTIME140.dll
0x00007ffdc4080000 - 0x00007ffdc4097000 	C:\Program Files\Microsoft\jdk-17.0.8.7-hotspot\bin\jli.dll
0x00007ffde2320000 - 0x00007ffde24be000 	C:\WINDOWS\System32\USER32.dll
0x00007ffde0b30000 - 0x00007ffde0b52000 	C:\WINDOWS\System32\win32u.dll
0x00007ffde1fe0000 - 0x00007ffde200c000 	C:\WINDOWS\System32\GDI32.dll
0x00007ffdd6e50000 - 0x00007ffdd70ea000 	C:\WINDOWS\WinSxS\amd64_microsoft.windows.common-controls_6595b64144ccf1df_6.0.19041.3636_none_60b6a03d71f818d5\COMCTL32.dll
0x00007ffde0a10000 - 0x00007ffde0b2a000 	C:\WINDOWS\System32\gdi32full.dll
0x00007ffde0970000 - 0x00007ffde0a0d000 	C:\WINDOWS\System32\msvcp_win.dll
0x00007ffde2520000 - 0x00007ffde25be000 	C:\WINDOWS\System32\msvcrt.dll
0x00007ffde2d90000 - 0x00007ffde2dc0000 	C:\WINDOWS\System32\IMM32.DLL
0x00007ffda83c0000 - 0x00007ffda83cc000 	C:\Program Files\Microsoft\jdk-17.0.8.7-hotspot\bin\vcruntime140_1.dll
0x00007ffd94210000 - 0x00007ffd9429d000 	C:\Program Files\Microsoft\jdk-17.0.8.7-hotspot\bin\msvcp140.dll
0x00007ffd935a0000 - 0x00007ffd94205000 	C:\Program Files\Microsoft\jdk-17.0.8.7-hotspot\bin\server\jvm.dll
0x00007ffde2710000 - 0x00007ffde27c3000 	C:\WINDOWS\System32\ADVAPI32.dll
0x00007ffde2e30000 - 0x00007ffde2ecf000 	C:\WINDOWS\System32\sechost.dll
0x00007ffde19d0000 - 0x00007ffde1af6000 	C:\WINDOWS\System32\RPCRT4.dll
0x00007ffde0c60000 - 0x00007ffde0c87000 	C:\WINDOWS\System32\bcrypt.dll
0x00007ffddfb30000 - 0x00007ffddfb7b000 	C:\WINDOWS\SYSTEM32\POWRPROF.dll
0x00007ffdbeaa0000 - 0x00007ffdbeaa9000 	C:\WINDOWS\SYSTEM32\WSOCK32.dll
0x00007ffde26a0000 - 0x00007ffde270b000 	C:\WINDOWS\System32\WS2_32.dll
0x00007ffddadb0000 - 0x00007ffddadba000 	C:\WINDOWS\SYSTEM32\VERSION.dll
0x00007ffdd0ef0000 - 0x00007ffdd0f17000 	C:\WINDOWS\SYSTEM32\WINMM.dll
0x00007ffddf9f0000 - 0x00007ffddfa02000 	C:\WINDOWS\SYSTEM32\UMPDC.dll
0x00007ffdde4b0000 - 0x00007ffdde4c2000 	C:\WINDOWS\SYSTEM32\kernel.appcore.dll
0x00007ffda7ba0000 - 0x00007ffda7baa000 	C:\Program Files\Microsoft\jdk-17.0.8.7-hotspot\bin\jimage.dll
0x00007ffdd0050000 - 0x00007ffdd0234000 	C:\WINDOWS\SYSTEM32\DBGHELP.DLL
0x00007ffdd1ea0000 - 0x00007ffdd1ed4000 	C:\WINDOWS\SYSTEM32\dbgcore.DLL
0x00007ffde05e0000 - 0x00007ffde0662000 	C:\WINDOWS\System32\bcryptPrimitives.dll
0x00007ffd950b0000 - 0x00007ffd950be000 	C:\Program Files\Microsoft\jdk-17.0.8.7-hotspot\bin\instrument.dll
0x00007ffd93570000 - 0x00007ffd93595000 	C:\Program Files\Microsoft\jdk-17.0.8.7-hotspot\bin\java.dll
0x00007ffd92fb0000 - 0x00007ffd93087000 	C:\Program Files\Microsoft\jdk-17.0.8.7-hotspot\bin\jsvml.dll
0x00007ffde1160000 - 0x00007ffde18a5000 	C:\WINDOWS\System32\SHELL32.dll
0x00007ffdde6b0000 - 0x00007ffddee4b000 	C:\WINDOWS\SYSTEM32\windows.storage.dll
0x00007ffde2890000 - 0x00007ffde2be4000 	C:\WINDOWS\System32\combase.dll
0x00007ffde0010000 - 0x00007ffde003d000 	C:\WINDOWS\SYSTEM32\Wldp.dll
0x00007ffde27e0000 - 0x00007ffde288d000 	C:\WINDOWS\System32\SHCORE.dll
0x00007ffde2d30000 - 0x00007ffde2d85000 	C:\WINDOWS\System32\shlwapi.dll
0x00007ffde0510000 - 0x00007ffde0535000 	C:\WINDOWS\SYSTEM32\profapi.dll
0x00007ffd94630000 - 0x00007ffd94648000 	C:\Program Files\Microsoft\jdk-17.0.8.7-hotspot\bin\zip.dll
0x00007ffd949e0000 - 0x00007ffd949f9000 	C:\Program Files\Microsoft\jdk-17.0.8.7-hotspot\bin\net.dll
0x00007ffdd9230000 - 0x00007ffdd933a000 	C:\WINDOWS\SYSTEM32\WINHTTP.dll
0x00007ffddfd70000 - 0x00007ffddfdda000 	C:\WINDOWS\system32\mswsock.dll
0x00007ffd946d0000 - 0x00007ffd946e6000 	C:\Program Files\Microsoft\jdk-17.0.8.7-hotspot\bin\nio.dll
0x00007ffda7650000 - 0x00007ffda7660000 	C:\Program Files\Microsoft\jdk-17.0.8.7-hotspot\bin\verify.dll
0x00007ffd950f0000 - 0x00007ffd95117000 	C:\Users\chabo\.gradle\native\68d5fa5c4cc2d200863cafc0d521ce42e7d3e7ee720ec0a83991735586a16f82\windows-amd64\native-platform.dll
0x00007ffd94f60000 - 0x00007ffd950a4000 	C:\Users\chabo\.gradle\native\e376f236ea51e6404a007f0833ffe2c6e607c4080706a723a18a27aeea778392\windows-amd64\native-platform-file-events.dll
0x00007ffd950d0000 - 0x00007ffd950d9000 	C:\Program Files\Microsoft\jdk-17.0.8.7-hotspot\bin\management.dll
0x00007ffd950c0000 - 0x00007ffd950cb000 	C:\Program Files\Microsoft\jdk-17.0.8.7-hotspot\bin\management_ext.dll
0x00007ffde1f70000 - 0x00007ffde1f78000 	C:\WINDOWS\System32\PSAPI.DLL
0x00007ffddff60000 - 0x00007ffddff78000 	C:\WINDOWS\SYSTEM32\CRYPTSP.dll
0x00007ffddf5d0000 - 0x00007ffddf604000 	C:\WINDOWS\system32\rsaenh.dll
0x00007ffde0490000 - 0x00007ffde04be000 	C:\WINDOWS\SYSTEM32\USERENV.dll
0x00007ffddff80000 - 0x00007ffddff8c000 	C:\WINDOWS\SYSTEM32\CRYPTBASE.dll
0x00007ffddfa10000 - 0x00007ffddfa4b000 	C:\WINDOWS\SYSTEM32\IPHLPAPI.DLL
0x00007ffde2e20000 - 0x00007ffde2e28000 	C:\WINDOWS\System32\NSI.dll
0x00007ffddaa10000 - 0x00007ffddaa27000 	C:\WINDOWS\SYSTEM32\dhcpcsvc6.DLL
0x00007ffddaa30000 - 0x00007ffddaa4d000 	C:\WINDOWS\SYSTEM32\dhcpcsvc.DLL
0x00007ffddfa60000 - 0x00007ffddfb2a000 	C:\WINDOWS\SYSTEM32\DNSAPI.dll
0x00007ffd94f50000 - 0x00007ffd94f5e000 	C:\Program Files\Microsoft\jdk-17.0.8.7-hotspot\bin\sunmscapi.dll
0x00007ffde0d00000 - 0x00007ffde0e5d000 	C:\WINDOWS\System32\CRYPT32.dll
0x00007ffde0080000 - 0x00007ffde00a8000 	C:\WINDOWS\SYSTEM32\ncrypt.dll
0x00007ffde0040000 - 0x00007ffde007b000 	C:\WINDOWS\SYSTEM32\NTASN1.dll
0x00007ffda2940000 - 0x00007ffda2947000 	C:\WINDOWS\system32\wshunix.dll
0x00007ffdb7630000 - 0x00007ffdb7647000 	C:\WINDOWS\system32\napinsp.dll
0x00007ffdb7610000 - 0x00007ffdb762b000 	C:\WINDOWS\system32\pnrpnsp.dll
0x00007ffdb75f0000 - 0x00007ffdb7605000 	C:\WINDOWS\system32\wshbth.dll
0x00007ffddbf50000 - 0x00007ffddbf6d000 	C:\WINDOWS\system32\NLAapi.dll
0x00007ffdb75d0000 - 0x00007ffdb75e2000 	C:\WINDOWS\System32\winrnr.dll
0x00007ffdd0f90000 - 0x00007ffdd0f9a000 	C:\Windows\System32\rasadhlp.dll
0x00007ffdc3dd0000 - 0x00007ffdc3e50000 	C:\WINDOWS\System32\fwpuclnt.dll

dbghelp: loaded successfully - version: 4.0.5 - missing functions: none
symbol engine: initialized successfully - sym options: 0x614 - pdb path: .;C:\Program Files\Microsoft\jdk-17.0.8.7-hotspot\bin;C:\WINDOWS\SYSTEM32;C:\WINDOWS\WinSxS\amd64_microsoft.windows.common-controls_6595b64144ccf1df_6.0.19041.3636_none_60b6a03d71f818d5;C:\Program Files\Microsoft\jdk-17.0.8.7-hotspot\bin\server;C:\Users\chabo\.gradle\native\68d5fa5c4cc2d200863cafc0d521ce42e7d3e7ee720ec0a83991735586a16f82\windows-amd64;C:\Users\chabo\.gradle\native\e376f236ea51e6404a007f0833ffe2c6e607c4080706a723a18a27aeea778392\windows-amd64

VM Arguments:
jvm_args: -XX:MaxMetaspaceSize=512m --add-opens=java.base/java.util=ALL-UNNAMED --add-opens=java.base/java.lang=ALL-UNNAMED --add-opens=java.base/java.lang.invoke=ALL-UNNAMED --add-opens=java.prefs/java.util.prefs=ALL-UNNAMED --add-opens=java.base/java.nio.charset=ALL-UNNAMED --add-opens=java.base/java.net=ALL-UNNAMED --add-opens=java.base/java.util.concurrent.atomic=ALL-UNNAMED -Xmx2048m -Dfile.encoding=windows-1250 -Duser.country=PL -Duser.language=pl -Duser.variant -javaagent:C:\Users\chabo\.gradle\wrapper\dists\gradle-8.3-all\6en3ugtfdg5xnpx44z4qbwgas\gradle-8.3\lib\agents\gradle-instrumentation-agent-8.3.jar 
java_command: org.gradle.launcher.daemon.bootstrap.GradleDaemon 8.3
java_class_path (initial): C:\Users\chabo\.gradle\wrapper\dists\gradle-8.3-all\6en3ugtfdg5xnpx44z4qbwgas\gradle-8.3\lib\gradle-launcher-8.3.jar
Launcher Type: SUN_STANDARD

[Global flags]
     intx CICompilerCount                          = 3                                         {product} {ergonomic}
   size_t CompressedClassSpaceSize                 = 436207616                                 {product} {ergonomic}
     uint ConcGCThreads                            = 1                                         {product} {ergonomic}
     uint G1ConcRefinementThreads                  = 4                                         {product} {ergonomic}
   size_t G1HeapRegionSize                         = 1048576                                   {product} {ergonomic}
    uintx GCDrainStackTargetSize                   = 64                                        {product} {ergonomic}
   size_t InitialHeapSize                          = 134217728                                 {product} {ergonomic}
   size_t MarkStackSize                            = 4194304                                   {product} {ergonomic}
   size_t MaxHeapSize                              = 2147483648                                {product} {command line}
   size_t MaxMetaspaceSize                         = 536870912                                 {product} {command line}
   size_t MaxNewSize                               = 1287651328                                {product} {ergonomic}
   size_t MinHeapDeltaBytes                        = 1048576                                   {product} {ergonomic}
   size_t MinHeapSize                              = 8388608                                   {product} {ergonomic}
    uintx NonNMethodCodeHeapSize                   = 5832780                                {pd product} {ergonomic}
    uintx NonProfiledCodeHeapSize                  = 122912730                              {pd product} {ergonomic}
    uintx ProfiledCodeHeapSize                     = 122912730                              {pd product} {ergonomic}
    uintx ReservedCodeCacheSize                    = 251658240                              {pd product} {ergonomic}
     bool SegmentedCodeCache                       = true                                      {product} {ergonomic}
   size_t SoftMaxHeapSize                          = 2147483648                             {manageable} {ergonomic}
     bool UseCompressedClassPointers               = true                           {product lp64_product} {ergonomic}
     bool UseCompressedOops                        = true                           {product lp64_product} {ergonomic}
     bool UseG1GC                                  = true                                      {product} {ergonomic}
     bool UseLargePagesIndividualAllocation        = false                                  {pd product} {ergonomic}

Logging:
Log output configuration:
 #0: stdout all=warning uptime,level,tags
 #1: stderr all=off uptime,level,tags

Environment Variables:
JAVA_HOME=C:\Program Files\Microsoft\jdk-17.0.8.7-hotspot\
CLASSPATH=D:\3Studia\pamiw\pamiw_zad7\android\\gradle\wrapper\gradle-wrapper.jar
PATH=D:\3Studia\pamiw\pamiw_zad7\node_modules\.bin;D:\3Studia\pamiw\node_modules\.bin;D:\3Studia\node_modules\.bin;D:\node_modules\.bin;D:\Program Files\nodejs\node_modules\npm\node_modules\@npmcli\run-script\lib\node-gyp-bin;C:\Program Files\Microsoft\jdk-17.0.8.7-hotspot\bin;C:\Python312\Scripts\;C:\Python312\;C:\Program Files\Common Files\Oracle\Java\javapath;C:\WINDOWS\system32;C:\WINDOWS;C:\WINDOWS\System32\Wbem;C:\WINDOWS\System32\WindowsPowerShell\v1.0\;C:\WINDOWS\System32\OpenSSH\;C:\Program Files\NVIDIA Corporation\NVIDIA NvDLISR;C:\Program Files (x86)\NVIDIA Corporation\PhysX\Common;C:\Program Files (x86)\Microsoft SQL Server\110\Tools\Binn\;C:\Program Files\Microsoft SQL Server\110\Tools\Binn\;C:\Program Files\Microsoft SQL Server\110\DTS\Binn\;C:\Program Files (x86)\Microsoft SQL Server\110\Tools\Binn\ManagementStudio\;C:\Program Files (x86)\Microsoft SQL Server\110\DTS\Binn\;C:\Program Files\dotnet\;D:\maven\apache-maven-3.8.6\bin;C:\Program Files (x86)\ZeroTier\One\;D:\2Studia\Metody Numeryczne\matlab\bin;C:\Program Files\Microsoft\jdk-17.0.8.7-hotspot\\bin;D:\Program Files\JetBrains\IntelliJ IDEA 2023.2.5\bin;D:\Program Files\nodejs\;C:\ProgramData\chocolatey\bin;C:\Program Files\PowerShell\7\;C:\Program Files\Git\cmd;C:\Users\chabo\AppData\Local\Microsoft\WindowsApps;D:\chabo\Documents\Microsoft VS Code\bin;C:\Users\chabo\.dotnet\tools;C:\Users\chabo\AppData\Roaming\npm;D:\emulator\Android\Sdk\platform-tools;D:\Program Files\Heroku\bin
USERNAME=chabo
OS=Windows_NT
PROCESSOR_IDENTIFIER=Intel64 Family 6 Model 94 Stepping 3, GenuineIntel
TMP=C:\Users\chabo\AppData\Local\Temp
TEMP=C:\Users\chabo\AppData\Local\Temp



---------------  S Y S T E M  ---------------

OS:
 Windows 10 , 64 bit Build 19041 (10.0.19041.3636)
OS uptime: 0 days 0:11 hours

CPU: total 4 (initial active 4) (4 cores per cpu, 1 threads per core) family 6 model 94 stepping 3 microcode 0xcc, cx8, cmov, fxsr, mmx, 3dnowpref, sse, sse2, sse3, ssse3, sse4.1, sse4.2, popcnt, lzcnt, tsc, tscinvbit, avx, avx2, aes, erms, clmul, bmi1, bmi2, adx, fma, vzeroupper, clflush, clflushopt
Processor Information for all 4 processors :
  Max Mhz: 2712, Current Mhz: 2712, Mhz Limit: 2712

Memory: 4k page, system-wide physical 8083M (412M free)
TotalPageFile size 17811M (AvailPageFile size 6805M)
current process WorkingSet (physical memory assigned to process): 528M, peak: 532M
current process commit charge ("private bytes"): 562M, peak: 568M

vm_info: OpenJDK 64-Bit Server VM (17.0.8+7-LTS) for windows-amd64 JRE (17.0.8+7-LTS), built on Jul  7 2023 17:21:55 by "MicrosoftCorporation" with MS VC++ 16.10 / 16.11 (VS2019)

END.
